<?xml version="1.0" encoding="UTF-8"?>
<testsuite xmlns:xsi="http://www.w3.org/2001/XMLSchema-instance" xsi:noNamespaceSchemaLocation="https://maven.apache.org/surefire/maven-surefire-plugin/xsd/surefire-test-report-3.0.xsd" version="3.0" name="com.ipn.mx.ApiInventarioMiniiiApplicationTests" time="12.311" tests="1" errors="0" skipped="0" failures="0">
  <properties>
[...]
</properties>
  <testcase name="contextLoads" classname="com.ipn.mx.ApiInventarioMiniiiApplicationTests" time="1.016">
    <system-out><![CDATA[03:07:28.863 [main] INFO org.springframework.test.context.support.AnnotationConfigContextLoaderUtils -- Could not detect default configuration classes for test class [com.ipn.mx.ApiInventarioMiniiiApplicationTests]: ApiInventarioMiniiiApplicationTests does not declare any static, non-private, non-final, nested classes annotated with @Configuration.
03:07:29.091 [main] INFO org.springframework.boot.test.context.SpringBootTestContextBootstrapper -- Found @SpringBootConfiguration com.ipn.mx.ApiInventarioMiniiiApplication for test class com.ipn.mx.ApiInventarioMiniiiApplicationTests
03:07:29.460 [main] INFO org.springframework.boot.devtools.restart.RestartApplicationListener -- Restart disabled due to context in which it is running

  .   ____          _            __ _ _
 /\\ / ___'_ __ _ _(_)_ __  __ _ \ \ \ \
( ( )\___ | '_ | '_| | '_ \/ _` | \ \ \ \
 \\/  ___)| |_)| | | | | || (_| |  ) ) ) )
  '  |____| .__|_| |_|_| |_\__, | / / / /
 =========|_|==============|___/=/_/_/_/
 :: Spring Boot ::                (v3.2.5)

2024-06-26T03:07:29.821-06:00 DEBUG 19624 --- [ApiInventarioMiniii] [kground-preinit] o.h.v.i.xml.config.ValidationXmlParser   : Trying to load META-INF/validation.xml for XML based Validator configuration.
2024-06-26T03:07:29.825-06:00 DEBUG 19624 --- [ApiInventarioMiniii] [kground-preinit] o.h.v.i.xml.config.ResourceLoaderHelper  : Trying to load META-INF/validation.xml via TCCL
2024-06-26T03:07:29.825-06:00 DEBUG 19624 --- [ApiInventarioMiniii] [kground-preinit] o.h.v.i.xml.config.ResourceLoaderHelper  : Trying to load META-INF/validation.xml via Hibernate Validator's class loader
2024-06-26T03:07:29.826-06:00 DEBUG 19624 --- [ApiInventarioMiniii] [kground-preinit] o.h.v.i.xml.config.ValidationXmlParser   : No META-INF/validation.xml found. Using annotation based configuration only.
2024-06-26T03:07:29.834-06:00 DEBUG 19624 --- [ApiInventarioMiniii] [kground-preinit] o.h.v.i.e.resolver.TraversableResolvers  : Found jakarta.persistence.Persistence on classpath containing 'getPersistenceUtil'. Assuming JPA 2 environment. Trying to instantiate JPA aware TraversableResolver
2024-06-26T03:07:29.835-06:00 DEBUG 19624 --- [ApiInventarioMiniii] [kground-preinit] o.h.v.i.e.resolver.TraversableResolvers  : Instantiated JPA aware TraversableResolver of type org.hibernate.validator.internal.engine.resolver.JPATraversableResolver.
2024-06-26T03:07:29.842-06:00  INFO 19624 --- [ApiInventarioMiniii] [           main] .i.m.ApiInventarioMiniiiApplicationTests : Starting ApiInventarioMiniiiApplicationTests using Java 17.0.10 with PID 19624 (started by Yorch in C:\Users\Yorch\Documents\ESCOM\Web Client\sts\workspace\ApiInventarioMiniii)
2024-06-26T03:07:29.844-06:00  INFO 19624 --- [ApiInventarioMiniii] [           main] .i.m.ApiInventarioMiniiiApplicationTests : No active profile set, falling back to 1 default profile: "default"
2024-06-26T03:07:29.869-06:00 DEBUG 19624 --- [ApiInventarioMiniii] [kground-preinit] .h.v.m.ResourceBundleMessageInterpolator : Loaded expression factory via original TCCL
2024-06-26T03:07:30.027-06:00 DEBUG 19624 --- [ApiInventarioMiniii] [kground-preinit] .i.e.ValidatorFactoryConfigurationHelper : HV000252: Using org.hibernate.validator.internal.engine.DefaultPropertyNodeNameProvider as property node name provider.
2024-06-26T03:07:30.034-06:00 DEBUG 19624 --- [ApiInventarioMiniii] [kground-preinit] .i.e.ValidatorFactoryConfigurationHelper : HV000234: Using org.hibernate.validator.messageinterpolation.ResourceBundleMessageInterpolator as ValidatorFactory-scoped message interpolator.
2024-06-26T03:07:30.034-06:00 DEBUG 19624 --- [ApiInventarioMiniii] [kground-preinit] .i.e.ValidatorFactoryConfigurationHelper : HV000234: Using org.hibernate.validator.internal.engine.resolver.JPATraversableResolver as ValidatorFactory-scoped traversable resolver.
2024-06-26T03:07:30.035-06:00 DEBUG 19624 --- [ApiInventarioMiniii] [kground-preinit] .i.e.ValidatorFactoryConfigurationHelper : HV000234: Using org.hibernate.validator.internal.util.ExecutableParameterNameProvider as ValidatorFactory-scoped parameter name provider.
2024-06-26T03:07:30.035-06:00 DEBUG 19624 --- [ApiInventarioMiniii] [kground-preinit] .i.e.ValidatorFactoryConfigurationHelper : HV000234: Using org.hibernate.validator.internal.engine.DefaultClockProvider as ValidatorFactory-scoped clock provider.
2024-06-26T03:07:30.035-06:00 DEBUG 19624 --- [ApiInventarioMiniii] [kground-preinit] .i.e.ValidatorFactoryConfigurationHelper : HV000234: Using org.hibernate.validator.internal.engine.scripting.DefaultScriptEvaluatorFactory as ValidatorFactory-scoped script evaluator factory.
2024-06-26T03:07:31.113-06:00  INFO 19624 --- [ApiInventarioMiniii] [           main] .s.d.r.c.RepositoryConfigurationDelegate : Bootstrapping Spring Data JPA repositories in DEFAULT mode.
2024-06-26T03:07:31.237-06:00  INFO 19624 --- [ApiInventarioMiniii] [           main] .s.d.r.c.RepositoryConfigurationDelegate : Finished Spring Data repository scanning in 104 ms. Found 3 JPA repository interfaces.
2024-06-26T03:07:32.089-06:00 DEBUG 19624 --- [ApiInventarioMiniii] [           main] o.hibernate.jpa.internal.util.LogHelper  : PersistenceUnitInfo [
	name: default
	persistence provider classname: null
	classloader: jdk.internal.loader.ClassLoaders$AppClassLoader@28c97a5
	excludeUnlistedClasses: true
	JTA datasource: null
	Non JTA datasource: HikariDataSource (null)
	Transaction type: RESOURCE_LOCAL
	PU root URL: file:/C:/Users/Yorch/Documents/ESCOM/Web%20Client/sts/workspace/ApiInventarioMiniii/target/test-classes/
	Shared Cache Mode: UNSPECIFIED
	Validation Mode: AUTO
	Jar files URLs []
	Managed classes names [
		com.ipn.mx.domain.entity.Categoria
		com.ipn.mx.domain.entity.Producto
		com.ipn.mx.domain.entity.Usuario]
	Mapping files names []
	Properties []
2024-06-26T03:07:32.143-06:00 DEBUG 19624 --- [ApiInventarioMiniii] [           main] o.h.i.internal.IntegratorServiceImpl     : Adding Integrator [org.hibernate.boot.beanvalidation.BeanValidationIntegrator].
2024-06-26T03:07:32.146-06:00 DEBUG 19624 --- [ApiInventarioMiniii] [           main] o.h.i.internal.IntegratorServiceImpl     : Adding Integrator [org.hibernate.cache.internal.CollectionCacheInvalidator].
2024-06-26T03:07:32.255-06:00  INFO 19624 --- [ApiInventarioMiniii] [           main] org.hibernate.Version                    : HHH000412: Hibernate ORM core version 6.4.4.Final
2024-06-26T03:07:32.259-06:00 DEBUG 19624 --- [ApiInventarioMiniii] [           main] org.hibernate.cfg.Environment            : HHH000206: 'hibernate.properties' not found
2024-06-26T03:07:32.317-06:00 DEBUG 19624 --- [ApiInventarioMiniii] [           main] org.hibernate.orm.idgen.factory          : Registering IdentifierGenerator strategy [uuid2] -> [org.hibernate.id.UUIDGenerator]
2024-06-26T03:07:32.318-06:00 DEBUG 19624 --- [ApiInventarioMiniii] [           main] org.hibernate.orm.idgen.factory          : Registering IdentifierGenerator strategy [guid] -> [org.hibernate.id.GUIDGenerator]
2024-06-26T03:07:32.320-06:00 DEBUG 19624 --- [ApiInventarioMiniii] [           main] org.hibernate.orm.idgen.factory          : Registering IdentifierGenerator strategy [uuid] -> [org.hibernate.id.UUIDHexGenerator]
2024-06-26T03:07:32.320-06:00 DEBUG 19624 --- [ApiInventarioMiniii] [           main] org.hibernate.orm.idgen.factory          : Registering IdentifierGenerator strategy [uuid.hex] -> [org.hibernate.id.UUIDHexGenerator]
2024-06-26T03:07:32.321-06:00 DEBUG 19624 --- [ApiInventarioMiniii] [           main] org.hibernate.orm.idgen.factory          : Registering IdentifierGenerator strategy [assigned] -> [org.hibernate.id.Assigned]
2024-06-26T03:07:32.323-06:00 DEBUG 19624 --- [ApiInventarioMiniii] [           main] org.hibernate.orm.idgen.factory          : Registering IdentifierGenerator strategy [identity] -> [org.hibernate.id.IdentityGenerator]
2024-06-26T03:07:32.324-06:00 DEBUG 19624 --- [ApiInventarioMiniii] [           main] org.hibernate.orm.idgen.factory          : Registering IdentifierGenerator strategy [select] -> [org.hibernate.id.SelectGenerator]
2024-06-26T03:07:32.326-06:00 DEBUG 19624 --- [ApiInventarioMiniii] [           main] org.hibernate.orm.idgen.factory          : Registering IdentifierGenerator strategy [sequence] -> [org.hibernate.id.enhanced.SequenceStyleGenerator]
2024-06-26T03:07:32.327-06:00 DEBUG 19624 --- [ApiInventarioMiniii] [           main] org.hibernate.orm.idgen.factory          : Registering IdentifierGenerator strategy [increment] -> [org.hibernate.id.IncrementGenerator]
2024-06-26T03:07:32.328-06:00 DEBUG 19624 --- [ApiInventarioMiniii] [           main] org.hibernate.orm.idgen.factory          : Registering IdentifierGenerator strategy [foreign] -> [org.hibernate.id.ForeignGenerator]
2024-06-26T03:07:32.328-06:00 DEBUG 19624 --- [ApiInventarioMiniii] [           main] org.hibernate.orm.idgen.factory          : Registering IdentifierGenerator strategy [enhanced-sequence] -> [org.hibernate.id.enhanced.SequenceStyleGenerator]
2024-06-26T03:07:32.330-06:00 DEBUG 19624 --- [ApiInventarioMiniii] [           main] org.hibernate.orm.idgen.factory          : Registering IdentifierGenerator strategy [enhanced-table] -> [org.hibernate.id.enhanced.TableGenerator]
2024-06-26T03:07:32.356-06:00 DEBUG 19624 --- [ApiInventarioMiniii] [           main] o.h.c.internal.RegionFactoryInitiator    : Cannot default RegionFactory based on registered strategies as `[]` RegionFactory strategies were registered
2024-06-26T03:07:32.358-06:00  INFO 19624 --- [ApiInventarioMiniii] [           main] o.h.c.internal.RegionFactoryInitiator    : HHH000026: Second-level cache disabled
2024-06-26T03:07:32.625-06:00 DEBUG 19624 --- [ApiInventarioMiniii] [           main] org.hibernate.type.BasicTypeRegistry     : Adding type registration boolean -> org.hibernate.type.BasicTypeReference@29bbc391
2024-06-26T03:07:32.626-06:00 DEBUG 19624 --- [ApiInventarioMiniii] [           main] org.hibernate.type.BasicTypeRegistry     : Adding type registration boolean -> org.hibernate.type.BasicTypeReference@29bbc391
2024-06-26T03:07:32.626-06:00 DEBUG 19624 --- [ApiInventarioMiniii] [           main] org.hibernate.type.BasicTypeRegistry     : Adding type registration java.lang.Boolean -> org.hibernate.type.BasicTypeReference@29bbc391
2024-06-26T03:07:32.626-06:00 DEBUG 19624 --- [ApiInventarioMiniii] [           main] org.hibernate.type.BasicTypeRegistry     : Adding type registration numeric_boolean -> org.hibernate.type.BasicTypeReference@3487442d
2024-06-26T03:07:32.626-06:00 DEBUG 19624 --- [ApiInventarioMiniii] [           main] org.hibernate.type.BasicTypeRegistry     : Adding type registration org.hibernate.type.NumericBooleanConverter -> org.hibernate.type.BasicTypeReference@3487442d
2024-06-26T03:07:32.626-06:00 DEBUG 19624 --- [ApiInventarioMiniii] [           main] org.hibernate.type.BasicTypeRegistry     : Adding type registration true_false -> org.hibernate.type.BasicTypeReference@530ee28b
2024-06-26T03:07:32.627-06:00 DEBUG 19624 --- [ApiInventarioMiniii] [           main] org.hibernate.type.BasicTypeRegistry     : Adding type registration org.hibernate.type.TrueFalseConverter -> org.hibernate.type.BasicTypeReference@530ee28b
2024-06-26T03:07:32.627-06:00 DEBUG 19624 --- [ApiInventarioMiniii] [           main] org.hibernate.type.BasicTypeRegistry     : Adding type registration yes_no -> org.hibernate.type.BasicTypeReference@3a3f96ab
2024-06-26T03:07:32.627-06:00 DEBUG 19624 --- [ApiInventarioMiniii] [           main] org.hibernate.type.BasicTypeRegistry     : Adding type registration org.hibernate.type.YesNoConverter -> org.hibernate.type.BasicTypeReference@3a3f96ab
2024-06-26T03:07:32.627-06:00 DEBUG 19624 --- [ApiInventarioMiniii] [           main] org.hibernate.type.BasicTypeRegistry     : Adding type registration byte -> org.hibernate.type.BasicTypeReference@4def7d36
2024-06-26T03:07:32.627-06:00 DEBUG 19624 --- [ApiInventarioMiniii] [           main] org.hibernate.type.BasicTypeRegistry     : Adding type registration byte -> org.hibernate.type.BasicTypeReference@4def7d36
2024-06-26T03:07:32.627-06:00 DEBUG 19624 --- [ApiInventarioMiniii] [           main] org.hibernate.type.BasicTypeRegistry     : Adding type registration java.lang.Byte -> org.hibernate.type.BasicTypeReference@4def7d36
2024-06-26T03:07:32.627-06:00 DEBUG 19624 --- [ApiInventarioMiniii] [           main] org.hibernate.type.BasicTypeRegistry     : Adding type registration binary -> org.hibernate.type.BasicTypeReference@43c7fe8a
2024-06-26T03:07:32.627-06:00 DEBUG 19624 --- [ApiInventarioMiniii] [           main] org.hibernate.type.BasicTypeRegistry     : Adding type registration byte[] -> org.hibernate.type.BasicTypeReference@43c7fe8a
2024-06-26T03:07:32.627-06:00 DEBUG 19624 --- [ApiInventarioMiniii] [           main] org.hibernate.type.BasicTypeRegistry     : Adding type registration [B -> org.hibernate.type.BasicTypeReference@43c7fe8a
2024-06-26T03:07:32.627-06:00 DEBUG 19624 --- [ApiInventarioMiniii] [           main] org.hibernate.type.BasicTypeRegistry     : Adding type registration binary_wrapper -> org.hibernate.type.BasicTypeReference@67f946c3
2024-06-26T03:07:32.627-06:00 DEBUG 19624 --- [ApiInventarioMiniii] [           main] org.hibernate.type.BasicTypeRegistry     : Adding type registration wrapper-binary -> org.hibernate.type.BasicTypeReference@67f946c3
2024-06-26T03:07:32.627-06:00 DEBUG 19624 --- [ApiInventarioMiniii] [           main] org.hibernate.type.BasicTypeRegistry     : Adding type registration image -> org.hibernate.type.BasicTypeReference@21b51e59
2024-06-26T03:07:32.627-06:00 DEBUG 19624 --- [ApiInventarioMiniii] [           main] org.hibernate.type.BasicTypeRegistry     : Adding type registration blob -> org.hibernate.type.BasicTypeReference@1785d194
2024-06-26T03:07:32.628-06:00 DEBUG 19624 --- [ApiInventarioMiniii] [           main] org.hibernate.type.BasicTypeRegistry     : Adding type registration java.sql.Blob -> org.hibernate.type.BasicTypeReference@1785d194
2024-06-26T03:07:32.628-06:00 DEBUG 19624 --- [ApiInventarioMiniii] [           main] org.hibernate.type.BasicTypeRegistry     : Adding type registration materialized_blob -> org.hibernate.type.BasicTypeReference@6b4a4e40
2024-06-26T03:07:32.628-06:00 DEBUG 19624 --- [ApiInventarioMiniii] [           main] org.hibernate.type.BasicTypeRegistry     : Adding type registration materialized_blob_wrapper -> org.hibernate.type.BasicTypeReference@46a8c2b4
2024-06-26T03:07:32.629-06:00 DEBUG 19624 --- [ApiInventarioMiniii] [           main] org.hibernate.type.BasicTypeRegistry     : Adding type registration short -> org.hibernate.type.BasicTypeReference@4f664bee
2024-06-26T03:07:32.629-06:00 DEBUG 19624 --- [ApiInventarioMiniii] [           main] org.hibernate.type.BasicTypeRegistry     : Adding type registration short -> org.hibernate.type.BasicTypeReference@4f664bee
2024-06-26T03:07:32.629-06:00 DEBUG 19624 --- [ApiInventarioMiniii] [           main] org.hibernate.type.BasicTypeRegistry     : Adding type registration java.lang.Short -> org.hibernate.type.BasicTypeReference@4f664bee
2024-06-26T03:07:32.629-06:00 DEBUG 19624 --- [ApiInventarioMiniii] [           main] org.hibernate.type.BasicTypeRegistry     : Adding type registration integer -> org.hibernate.type.BasicTypeReference@76563ae7
2024-06-26T03:07:32.629-06:00 DEBUG 19624 --- [ApiInventarioMiniii] [           main] org.hibernate.type.BasicTypeRegistry     : Adding type registration int -> org.hibernate.type.BasicTypeReference@76563ae7
2024-06-26T03:07:32.629-06:00 DEBUG 19624 --- [ApiInventarioMiniii] [           main] org.hibernate.type.BasicTypeRegistry     : Adding type registration java.lang.Integer -> org.hibernate.type.BasicTypeReference@76563ae7
2024-06-26T03:07:32.629-06:00 DEBUG 19624 --- [ApiInventarioMiniii] [           main] org.hibernate.type.BasicTypeRegistry     : Adding type registration long -> org.hibernate.type.BasicTypeReference@4fd74223
2024-06-26T03:07:32.629-06:00 DEBUG 19624 --- [ApiInventarioMiniii] [           main] org.hibernate.type.BasicTypeRegistry     : Adding type registration long -> org.hibernate.type.BasicTypeReference@4fd74223
2024-06-26T03:07:32.629-06:00 DEBUG 19624 --- [ApiInventarioMiniii] [           main] org.hibernate.type.BasicTypeRegistry     : Adding type registration java.lang.Long -> org.hibernate.type.BasicTypeReference@4fd74223
2024-06-26T03:07:32.629-06:00 DEBUG 19624 --- [ApiInventarioMiniii] [           main] org.hibernate.type.BasicTypeRegistry     : Adding type registration float -> org.hibernate.type.BasicTypeReference@4fea840f
2024-06-26T03:07:32.629-06:00 DEBUG 19624 --- [ApiInventarioMiniii] [           main] org.hibernate.type.BasicTypeRegistry     : Adding type registration float -> org.hibernate.type.BasicTypeReference@4fea840f
2024-06-26T03:07:32.629-06:00 DEBUG 19624 --- [ApiInventarioMiniii] [           main] org.hibernate.type.BasicTypeRegistry     : Adding type registration java.lang.Float -> org.hibernate.type.BasicTypeReference@4fea840f
2024-06-26T03:07:32.629-06:00 DEBUG 19624 --- [ApiInventarioMiniii] [           main] org.hibernate.type.BasicTypeRegistry     : Adding type registration double -> org.hibernate.type.BasicTypeReference@32ae8f27
2024-06-26T03:07:32.629-06:00 DEBUG 19624 --- [ApiInventarioMiniii] [           main] org.hibernate.type.BasicTypeRegistry     : Adding type registration double -> org.hibernate.type.BasicTypeReference@32ae8f27
2024-06-26T03:07:32.629-06:00 DEBUG 19624 --- [ApiInventarioMiniii] [           main] org.hibernate.type.BasicTypeRegistry     : Adding type registration java.lang.Double -> org.hibernate.type.BasicTypeReference@32ae8f27
2024-06-26T03:07:32.629-06:00 DEBUG 19624 --- [ApiInventarioMiniii] [           main] org.hibernate.type.BasicTypeRegistry     : Adding type registration big_integer -> org.hibernate.type.BasicTypeReference@75e80a97
2024-06-26T03:07:32.630-06:00 DEBUG 19624 --- [ApiInventarioMiniii] [           main] org.hibernate.type.BasicTypeRegistry     : Adding type registration java.math.BigInteger -> org.hibernate.type.BasicTypeReference@75e80a97
2024-06-26T03:07:32.630-06:00 DEBUG 19624 --- [ApiInventarioMiniii] [           main] org.hibernate.type.BasicTypeRegistry     : Adding type registration big_decimal -> org.hibernate.type.BasicTypeReference@5b8853
2024-06-26T03:07:32.630-06:00 DEBUG 19624 --- [ApiInventarioMiniii] [           main] org.hibernate.type.BasicTypeRegistry     : Adding type registration java.math.BigDecimal -> org.hibernate.type.BasicTypeReference@5b8853
2024-06-26T03:07:32.630-06:00 DEBUG 19624 --- [ApiInventarioMiniii] [           main] org.hibernate.type.BasicTypeRegistry     : Adding type registration character -> org.hibernate.type.BasicTypeReference@1b8aaeab
2024-06-26T03:07:32.630-06:00 DEBUG 19624 --- [ApiInventarioMiniii] [           main] org.hibernate.type.BasicTypeRegistry     : Adding type registration char -> org.hibernate.type.BasicTypeReference@1b8aaeab
2024-06-26T03:07:32.630-06:00 DEBUG 19624 --- [ApiInventarioMiniii] [           main] org.hibernate.type.BasicTypeRegistry     : Adding type registration java.lang.Character -> org.hibernate.type.BasicTypeReference@1b8aaeab
2024-06-26T03:07:32.630-06:00 DEBUG 19624 --- [ApiInventarioMiniii] [           main] org.hibernate.type.BasicTypeRegistry     : Adding type registration character_nchar -> org.hibernate.type.BasicTypeReference@5d1bdd4a
2024-06-26T03:07:32.630-06:00 DEBUG 19624 --- [ApiInventarioMiniii] [           main] org.hibernate.type.BasicTypeRegistry     : Adding type registration string -> org.hibernate.type.BasicTypeReference@6812c8cc
2024-06-26T03:07:32.630-06:00 DEBUG 19624 --- [ApiInventarioMiniii] [           main] org.hibernate.type.BasicTypeRegistry     : Adding type registration java.lang.String -> org.hibernate.type.BasicTypeReference@6812c8cc
2024-06-26T03:07:32.630-06:00 DEBUG 19624 --- [ApiInventarioMiniii] [           main] org.hibernate.type.BasicTypeRegistry     : Adding type registration nstring -> org.hibernate.type.BasicTypeReference@3457cc8d
2024-06-26T03:07:32.630-06:00 DEBUG 19624 --- [ApiInventarioMiniii] [           main] org.hibernate.type.BasicTypeRegistry     : Adding type registration characters -> org.hibernate.type.BasicTypeReference@7a66c35a
2024-06-26T03:07:32.631-06:00 DEBUG 19624 --- [ApiInventarioMiniii] [           main] org.hibernate.type.BasicTypeRegistry     : Adding type registration char[] -> org.hibernate.type.BasicTypeReference@7a66c35a
2024-06-26T03:07:32.631-06:00 DEBUG 19624 --- [ApiInventarioMiniii] [           main] org.hibernate.type.BasicTypeRegistry     : Adding type registration [C -> org.hibernate.type.BasicTypeReference@7a66c35a
2024-06-26T03:07:32.631-06:00 DEBUG 19624 --- [ApiInventarioMiniii] [           main] org.hibernate.type.BasicTypeRegistry     : Adding type registration wrapper-characters -> org.hibernate.type.BasicTypeReference@7994a0d1
2024-06-26T03:07:32.631-06:00 DEBUG 19624 --- [ApiInventarioMiniii] [           main] org.hibernate.type.BasicTypeRegistry     : Adding type registration text -> org.hibernate.type.BasicTypeReference@73e4387
2024-06-26T03:07:32.631-06:00 DEBUG 19624 --- [ApiInventarioMiniii] [           main] org.hibernate.type.BasicTypeRegistry     : Adding type registration ntext -> org.hibernate.type.BasicTypeReference@d87d449
2024-06-26T03:07:32.631-06:00 DEBUG 19624 --- [ApiInventarioMiniii] [           main] org.hibernate.type.BasicTypeRegistry     : Adding type registration clob -> org.hibernate.type.BasicTypeReference@4137aab0
2024-06-26T03:07:32.631-06:00 DEBUG 19624 --- [ApiInventarioMiniii] [           main] org.hibernate.type.BasicTypeRegistry     : Adding type registration java.sql.Clob -> org.hibernate.type.BasicTypeReference@4137aab0
2024-06-26T03:07:32.631-06:00 DEBUG 19624 --- [ApiInventarioMiniii] [           main] org.hibernate.type.BasicTypeRegistry     : Adding type registration nclob -> org.hibernate.type.BasicTypeReference@1df9186f
2024-06-26T03:07:32.631-06:00 DEBUG 19624 --- [ApiInventarioMiniii] [           main] org.hibernate.type.BasicTypeRegistry     : Adding type registration java.sql.NClob -> org.hibernate.type.BasicTypeReference@1df9186f
2024-06-26T03:07:32.631-06:00 DEBUG 19624 --- [ApiInventarioMiniii] [           main] org.hibernate.type.BasicTypeRegistry     : Adding type registration materialized_clob -> org.hibernate.type.BasicTypeReference@682e422c
2024-06-26T03:07:32.632-06:00 DEBUG 19624 --- [ApiInventarioMiniii] [           main] org.hibernate.type.BasicTypeRegistry     : Adding type registration materialized_clob_char_array -> org.hibernate.type.BasicTypeReference@5bb8e6fc
2024-06-26T03:07:32.632-06:00 DEBUG 19624 --- [ApiInventarioMiniii] [           main] org.hibernate.type.BasicTypeRegistry     : Adding type registration materialized_clob_character_array -> org.hibernate.type.BasicTypeReference@2726a511
2024-06-26T03:07:32.632-06:00 DEBUG 19624 --- [ApiInventarioMiniii] [           main] org.hibernate.type.BasicTypeRegistry     : Adding type registration materialized_nclob -> org.hibernate.type.BasicTypeReference@72c9ebfa
2024-06-26T03:07:32.632-06:00 DEBUG 19624 --- [ApiInventarioMiniii] [           main] org.hibernate.type.BasicTypeRegistry     : Adding type registration materialized_nclob_character_array -> org.hibernate.type.BasicTypeReference@686cf8ad
2024-06-26T03:07:32.632-06:00 DEBUG 19624 --- [ApiInventarioMiniii] [           main] org.hibernate.type.BasicTypeRegistry     : Adding type registration materialized_nclob_char_array -> org.hibernate.type.BasicTypeReference@747f6c5a
2024-06-26T03:07:32.632-06:00 DEBUG 19624 --- [ApiInventarioMiniii] [           main] org.hibernate.type.BasicTypeRegistry     : Adding type registration Duration -> org.hibernate.type.BasicTypeReference@66e341e9
2024-06-26T03:07:32.632-06:00 DEBUG 19624 --- [ApiInventarioMiniii] [           main] org.hibernate.type.BasicTypeRegistry     : Adding type registration java.time.Duration -> org.hibernate.type.BasicTypeReference@66e341e9
2024-06-26T03:07:32.632-06:00 DEBUG 19624 --- [ApiInventarioMiniii] [           main] org.hibernate.type.BasicTypeRegistry     : Adding type registration LocalDateTime -> org.hibernate.type.BasicTypeReference@5b48f0f4
2024-06-26T03:07:32.632-06:00 DEBUG 19624 --- [ApiInventarioMiniii] [           main] org.hibernate.type.BasicTypeRegistry     : Adding type registration java.time.LocalDateTime -> org.hibernate.type.BasicTypeReference@5b48f0f4
2024-06-26T03:07:32.632-06:00 DEBUG 19624 --- [ApiInventarioMiniii] [           main] org.hibernate.type.BasicTypeRegistry     : Adding type registration LocalDate -> org.hibernate.type.BasicTypeReference@546ed2a0
2024-06-26T03:07:32.633-06:00 DEBUG 19624 --- [ApiInventarioMiniii] [           main] org.hibernate.type.BasicTypeRegistry     : Adding type registration java.time.LocalDate -> org.hibernate.type.BasicTypeReference@546ed2a0
2024-06-26T03:07:32.633-06:00 DEBUG 19624 --- [ApiInventarioMiniii] [           main] org.hibernate.type.BasicTypeRegistry     : Adding type registration LocalTime -> org.hibernate.type.BasicTypeReference@5bfc79cb
2024-06-26T03:07:32.633-06:00 DEBUG 19624 --- [ApiInventarioMiniii] [           main] org.hibernate.type.BasicTypeRegistry     : Adding type registration java.time.LocalTime -> org.hibernate.type.BasicTypeReference@5bfc79cb
2024-06-26T03:07:32.633-06:00 DEBUG 19624 --- [ApiInventarioMiniii] [           main] org.hibernate.type.BasicTypeRegistry     : Adding type registration OffsetDateTime -> org.hibernate.type.BasicTypeReference@27ec8754
2024-06-26T03:07:32.633-06:00 DEBUG 19624 --- [ApiInventarioMiniii] [           main] org.hibernate.type.BasicTypeRegistry     : Adding type registration java.time.OffsetDateTime -> org.hibernate.type.BasicTypeReference@27ec8754
2024-06-26T03:07:32.633-06:00 DEBUG 19624 --- [ApiInventarioMiniii] [           main] org.hibernate.type.BasicTypeRegistry     : Adding type registration OffsetDateTimeWithTimezone -> org.hibernate.type.BasicTypeReference@3bbf1c0d
2024-06-26T03:07:32.633-06:00 DEBUG 19624 --- [ApiInventarioMiniii] [           main] org.hibernate.type.BasicTypeRegistry     : Adding type registration OffsetDateTimeWithoutTimezone -> org.hibernate.type.BasicTypeReference@19662208
2024-06-26T03:07:32.633-06:00 DEBUG 19624 --- [ApiInventarioMiniii] [           main] org.hibernate.type.BasicTypeRegistry     : Adding type registration OffsetTime -> org.hibernate.type.BasicTypeReference@216c22ce
2024-06-26T03:07:32.633-06:00 DEBUG 19624 --- [ApiInventarioMiniii] [           main] org.hibernate.type.BasicTypeRegistry     : Adding type registration java.time.OffsetTime -> org.hibernate.type.BasicTypeReference@216c22ce
2024-06-26T03:07:32.634-06:00 DEBUG 19624 --- [ApiInventarioMiniii] [           main] org.hibernate.type.BasicTypeRegistry     : Adding type registration OffsetTimeUtc -> org.hibernate.type.BasicTypeReference@62f9c790
2024-06-26T03:07:32.634-06:00 DEBUG 19624 --- [ApiInventarioMiniii] [           main] org.hibernate.type.BasicTypeRegistry     : Adding type registration OffsetTimeWithTimezone -> org.hibernate.type.BasicTypeReference@21e5f0b6
2024-06-26T03:07:32.634-06:00 DEBUG 19624 --- [ApiInventarioMiniii] [           main] org.hibernate.type.BasicTypeRegistry     : Adding type registration OffsetTimeWithoutTimezone -> org.hibernate.type.BasicTypeReference@93bf0e0
2024-06-26T03:07:32.634-06:00 DEBUG 19624 --- [ApiInventarioMiniii] [           main] org.hibernate.type.BasicTypeRegistry     : Adding type registration ZonedDateTime -> org.hibernate.type.BasicTypeReference@4981d95b
2024-06-26T03:07:32.634-06:00 DEBUG 19624 --- [ApiInventarioMiniii] [           main] org.hibernate.type.BasicTypeRegistry     : Adding type registration java.time.ZonedDateTime -> org.hibernate.type.BasicTypeReference@4981d95b
2024-06-26T03:07:32.634-06:00 DEBUG 19624 --- [ApiInventarioMiniii] [           main] org.hibernate.type.BasicTypeRegistry     : Adding type registration ZonedDateTimeWithTimezone -> org.hibernate.type.BasicTypeReference@656842bc
2024-06-26T03:07:32.634-06:00 DEBUG 19624 --- [ApiInventarioMiniii] [           main] org.hibernate.type.BasicTypeRegistry     : Adding type registration ZonedDateTimeWithoutTimezone -> org.hibernate.type.BasicTypeReference@6b867ee7
2024-06-26T03:07:32.634-06:00 DEBUG 19624 --- [ApiInventarioMiniii] [           main] org.hibernate.type.BasicTypeRegistry     : Adding type registration date -> org.hibernate.type.BasicTypeReference@3dec3f87
2024-06-26T03:07:32.634-06:00 DEBUG 19624 --- [ApiInventarioMiniii] [           main] org.hibernate.type.BasicTypeRegistry     : Adding type registration java.sql.Date -> org.hibernate.type.BasicTypeReference@3dec3f87
2024-06-26T03:07:32.634-06:00 DEBUG 19624 --- [ApiInventarioMiniii] [           main] org.hibernate.type.BasicTypeRegistry     : Adding type registration time -> org.hibernate.type.BasicTypeReference@7a606260
2024-06-26T03:07:32.635-06:00 DEBUG 19624 --- [ApiInventarioMiniii] [           main] org.hibernate.type.BasicTypeRegistry     : Adding type registration java.sql.Time -> org.hibernate.type.BasicTypeReference@7a606260
2024-06-26T03:07:32.635-06:00 DEBUG 19624 --- [ApiInventarioMiniii] [           main] org.hibernate.type.BasicTypeRegistry     : Adding type registration timestamp -> org.hibernate.type.BasicTypeReference@5dbab232
2024-06-26T03:07:32.635-06:00 DEBUG 19624 --- [ApiInventarioMiniii] [           main] org.hibernate.type.BasicTypeRegistry     : Adding type registration java.sql.Timestamp -> org.hibernate.type.BasicTypeReference@5dbab232
2024-06-26T03:07:32.635-06:00 DEBUG 19624 --- [ApiInventarioMiniii] [           main] org.hibernate.type.BasicTypeRegistry     : Adding type registration java.util.Date -> org.hibernate.type.BasicTypeReference@5dbab232
2024-06-26T03:07:32.636-06:00 DEBUG 19624 --- [ApiInventarioMiniii] [           main] org.hibernate.type.BasicTypeRegistry     : Adding type registration calendar -> org.hibernate.type.BasicTypeReference@5939e24
2024-06-26T03:07:32.636-06:00 DEBUG 19624 --- [ApiInventarioMiniii] [           main] org.hibernate.type.BasicTypeRegistry     : Adding type registration java.util.Calendar -> org.hibernate.type.BasicTypeReference@5939e24
2024-06-26T03:07:32.636-06:00 DEBUG 19624 --- [ApiInventarioMiniii] [           main] org.hibernate.type.BasicTypeRegistry     : Adding type registration java.util.GregorianCalendar -> org.hibernate.type.BasicTypeReference@5939e24
2024-06-26T03:07:32.636-06:00 DEBUG 19624 --- [ApiInventarioMiniii] [           main] org.hibernate.type.BasicTypeRegistry     : Adding type registration calendar_date -> org.hibernate.type.BasicTypeReference@595f9916
2024-06-26T03:07:32.637-06:00 DEBUG 19624 --- [ApiInventarioMiniii] [           main] org.hibernate.type.BasicTypeRegistry     : Adding type registration calendar_time -> org.hibernate.type.BasicTypeReference@2055833f
2024-06-26T03:07:32.641-06:00 DEBUG 19624 --- [ApiInventarioMiniii] [           main] org.hibernate.type.BasicTypeRegistry     : Adding type registration instant -> org.hibernate.type.BasicTypeReference@28768e25
2024-06-26T03:07:32.641-06:00 DEBUG 19624 --- [ApiInventarioMiniii] [           main] org.hibernate.type.BasicTypeRegistry     : Adding type registration java.time.Instant -> org.hibernate.type.BasicTypeReference@28768e25
2024-06-26T03:07:32.641-06:00 DEBUG 19624 --- [ApiInventarioMiniii] [           main] org.hibernate.type.BasicTypeRegistry     : Adding type registration uuid -> org.hibernate.type.BasicTypeReference@310d57b1
2024-06-26T03:07:32.641-06:00 DEBUG 19624 --- [ApiInventarioMiniii] [           main] org.hibernate.type.BasicTypeRegistry     : Adding type registration java.util.UUID -> org.hibernate.type.BasicTypeReference@310d57b1
2024-06-26T03:07:32.641-06:00 DEBUG 19624 --- [ApiInventarioMiniii] [           main] org.hibernate.type.BasicTypeRegistry     : Adding type registration pg-uuid -> org.hibernate.type.BasicTypeReference@310d57b1
2024-06-26T03:07:32.641-06:00 DEBUG 19624 --- [ApiInventarioMiniii] [           main] org.hibernate.type.BasicTypeRegistry     : Adding type registration uuid-binary -> org.hibernate.type.BasicTypeReference@143fefaf
2024-06-26T03:07:32.641-06:00 DEBUG 19624 --- [ApiInventarioMiniii] [           main] org.hibernate.type.BasicTypeRegistry     : Adding type registration uuid-char -> org.hibernate.type.BasicTypeReference@18ffca6c
2024-06-26T03:07:32.641-06:00 DEBUG 19624 --- [ApiInventarioMiniii] [           main] org.hibernate.type.BasicTypeRegistry     : Adding type registration class -> org.hibernate.type.BasicTypeReference@46468f0
2024-06-26T03:07:32.641-06:00 DEBUG 19624 --- [ApiInventarioMiniii] [           main] org.hibernate.type.BasicTypeRegistry     : Adding type registration java.lang.Class -> org.hibernate.type.BasicTypeReference@46468f0
2024-06-26T03:07:32.643-06:00 DEBUG 19624 --- [ApiInventarioMiniii] [           main] org.hibernate.type.BasicTypeRegistry     : Adding type registration currency -> org.hibernate.type.BasicTypeReference@5f8f1712
2024-06-26T03:07:32.643-06:00 DEBUG 19624 --- [ApiInventarioMiniii] [           main] org.hibernate.type.BasicTypeRegistry     : Adding type registration Currency -> org.hibernate.type.BasicTypeReference@5f8f1712
2024-06-26T03:07:32.643-06:00 DEBUG 19624 --- [ApiInventarioMiniii] [           main] org.hibernate.type.BasicTypeRegistry     : Adding type registration java.util.Currency -> org.hibernate.type.BasicTypeReference@5f8f1712
2024-06-26T03:07:32.643-06:00 DEBUG 19624 --- [ApiInventarioMiniii] [           main] org.hibernate.type.BasicTypeRegistry     : Adding type registration locale -> org.hibernate.type.BasicTypeReference@34a6d9db
2024-06-26T03:07:32.643-06:00 DEBUG 19624 --- [ApiInventarioMiniii] [           main] org.hibernate.type.BasicTypeRegistry     : Adding type registration java.util.Locale -> org.hibernate.type.BasicTypeReference@34a6d9db
2024-06-26T03:07:32.643-06:00 DEBUG 19624 --- [ApiInventarioMiniii] [           main] org.hibernate.type.BasicTypeRegistry     : Adding type registration serializable -> org.hibernate.type.BasicTypeReference@52ecc989
2024-06-26T03:07:32.643-06:00 DEBUG 19624 --- [ApiInventarioMiniii] [           main] org.hibernate.type.BasicTypeRegistry     : Adding type registration java.io.Serializable -> org.hibernate.type.BasicTypeReference@52ecc989
2024-06-26T03:07:32.643-06:00 DEBUG 19624 --- [ApiInventarioMiniii] [           main] org.hibernate.type.BasicTypeRegistry     : Adding type registration timezone -> org.hibernate.type.BasicTypeReference@756808cc
2024-06-26T03:07:32.643-06:00 DEBUG 19624 --- [ApiInventarioMiniii] [           main] org.hibernate.type.BasicTypeRegistry     : Adding type registration java.util.TimeZone -> org.hibernate.type.BasicTypeReference@756808cc
2024-06-26T03:07:32.643-06:00 DEBUG 19624 --- [ApiInventarioMiniii] [           main] org.hibernate.type.BasicTypeRegistry     : Adding type registration ZoneOffset -> org.hibernate.type.BasicTypeReference@52f8a6f4
2024-06-26T03:07:32.644-06:00 DEBUG 19624 --- [ApiInventarioMiniii] [           main] org.hibernate.type.BasicTypeRegistry     : Adding type registration java.time.ZoneOffset -> org.hibernate.type.BasicTypeReference@52f8a6f4
2024-06-26T03:07:32.644-06:00 DEBUG 19624 --- [ApiInventarioMiniii] [           main] org.hibernate.type.BasicTypeRegistry     : Adding type registration url -> org.hibernate.type.BasicTypeReference@5012c571
2024-06-26T03:07:32.644-06:00 DEBUG 19624 --- [ApiInventarioMiniii] [           main] org.hibernate.type.BasicTypeRegistry     : Adding type registration java.net.URL -> org.hibernate.type.BasicTypeReference@5012c571
2024-06-26T03:07:32.645-06:00 DEBUG 19624 --- [ApiInventarioMiniii] [           main] org.hibernate.type.BasicTypeRegistry     : Adding type registration vector -> org.hibernate.type.BasicTypeReference@6486fe7b
2024-06-26T03:07:32.645-06:00 DEBUG 19624 --- [ApiInventarioMiniii] [           main] org.hibernate.type.BasicTypeRegistry     : Adding type registration row_version -> org.hibernate.type.BasicTypeReference@511da44f
2024-06-26T03:07:32.659-06:00 DEBUG 19624 --- [ApiInventarioMiniii] [           main] org.hibernate.type.BasicTypeRegistry     : Adding type registration object -> org.hibernate.type.JavaObjectType@77083e41
2024-06-26T03:07:32.660-06:00 DEBUG 19624 --- [ApiInventarioMiniii] [           main] org.hibernate.type.BasicTypeRegistry     : Adding type registration java.lang.Object -> org.hibernate.type.JavaObjectType@77083e41
2024-06-26T03:07:32.661-06:00 DEBUG 19624 --- [ApiInventarioMiniii] [           main] org.hibernate.type.BasicTypeRegistry     : Adding type registration null -> org.hibernate.type.NullType@64279ab
2024-06-26T03:07:32.661-06:00 DEBUG 19624 --- [ApiInventarioMiniii] [           main] org.hibernate.type.BasicTypeRegistry     : Adding type registration imm_date -> org.hibernate.type.BasicTypeReference@794240e2
2024-06-26T03:07:32.661-06:00 DEBUG 19624 --- [ApiInventarioMiniii] [           main] org.hibernate.type.BasicTypeRegistry     : Adding type registration imm_time -> org.hibernate.type.BasicTypeReference@74a820bf
2024-06-26T03:07:32.661-06:00 DEBUG 19624 --- [ApiInventarioMiniii] [           main] org.hibernate.type.BasicTypeRegistry     : Adding type registration imm_timestamp -> org.hibernate.type.BasicTypeReference@5a30722c
2024-06-26T03:07:32.661-06:00 DEBUG 19624 --- [ApiInventarioMiniii] [           main] org.hibernate.type.BasicTypeRegistry     : Adding type registration imm_calendar -> org.hibernate.type.BasicTypeReference@4f2ac7e0
2024-06-26T03:07:32.661-06:00 DEBUG 19624 --- [ApiInventarioMiniii] [           main] org.hibernate.type.BasicTypeRegistry     : Adding type registration imm_calendar_date -> org.hibernate.type.BasicTypeReference@2484dbb7
2024-06-26T03:07:32.662-06:00 DEBUG 19624 --- [ApiInventarioMiniii] [           main] org.hibernate.type.BasicTypeRegistry     : Adding type registration imm_calendar_time -> org.hibernate.type.BasicTypeReference@111cba40
2024-06-26T03:07:32.662-06:00 DEBUG 19624 --- [ApiInventarioMiniii] [           main] org.hibernate.type.BasicTypeRegistry     : Adding type registration imm_binary -> org.hibernate.type.BasicTypeReference@48e41b5d
2024-06-26T03:07:32.662-06:00 DEBUG 19624 --- [ApiInventarioMiniii] [           main] org.hibernate.type.BasicTypeRegistry     : Adding type registration imm_serializable -> org.hibernate.type.BasicTypeReference@51e8d066
2024-06-26T03:07:32.671-06:00 DEBUG 19624 --- [ApiInventarioMiniii] [           main] o.h.boot.internal.BootstrapContextImpl   : Injecting JPA temp ClassLoader [org.springframework.instrument.classloading.SimpleThrowawayClassLoader@3b5a19ed] into BootstrapContext; was [null]
2024-06-26T03:07:32.672-06:00 DEBUG 19624 --- [ApiInventarioMiniii] [           main] o.h.boot.internal.ClassLoaderAccessImpl  : ClassLoaderAccessImpl#injectTempClassLoader(org.springframework.instrument.classloading.SimpleThrowawayClassLoader@3b5a19ed) [was null]
2024-06-26T03:07:32.673-06:00 DEBUG 19624 --- [ApiInventarioMiniii] [           main] o.h.boot.internal.BootstrapContextImpl   : Injecting ScanEnvironment [org.hibernate.jpa.boot.internal.StandardJpaScanEnvironmentImpl@37d3e140] into BootstrapContext; was [null]
2024-06-26T03:07:32.673-06:00 DEBUG 19624 --- [ApiInventarioMiniii] [           main] o.h.boot.internal.BootstrapContextImpl   : Injecting ScanOptions [org.hibernate.boot.archive.scan.internal.StandardScanOptions@3e53c4ad] into BootstrapContext; was [org.hibernate.boot.archive.scan.internal.StandardScanOptions@33eb0d4]
2024-06-26T03:07:32.957-06:00  INFO 19624 --- [ApiInventarioMiniii] [           main] o.s.o.j.p.SpringPersistenceUnitInfo      : No LoadTimeWeaver setup: ignoring JPA class transformer
2024-06-26T03:07:32.958-06:00 DEBUG 19624 --- [ApiInventarioMiniii] [           main] o.h.boot.internal.BootstrapContextImpl   : Injecting JPA temp ClassLoader [null] into BootstrapContext; was [org.springframework.instrument.classloading.SimpleThrowawayClassLoader@3b5a19ed]
2024-06-26T03:07:32.958-06:00 DEBUG 19624 --- [ApiInventarioMiniii] [           main] o.h.boot.internal.ClassLoaderAccessImpl  : ClassLoaderAccessImpl#injectTempClassLoader(null) [was org.springframework.instrument.classloading.SimpleThrowawayClassLoader@3b5a19ed]
2024-06-26T03:07:33.014-06:00  INFO 19624 --- [ApiInventarioMiniii] [           main] com.zaxxer.hikari.HikariDataSource       : HikariPool-1 - Starting...
2024-06-26T03:07:35.027-06:00  INFO 19624 --- [ApiInventarioMiniii] [           main] com.zaxxer.hikari.pool.HikariPool        : HikariPool-1 - Added connection org.postgresql.jdbc.PgConnection@410382cb
2024-06-26T03:07:35.031-06:00  INFO 19624 --- [ApiInventarioMiniii] [           main] com.zaxxer.hikari.HikariDataSource       : HikariPool-1 - Start completed.
2024-06-26T03:07:35.043-06:00 DEBUG 19624 --- [ApiInventarioMiniii] [           main] o.h.e.j.e.i.JdbcEnvironmentInitiator     : Database ->
       name : PostgreSQL
    version : 15.1 (Ubuntu 15.1-1.pgdg20.04+1)
      major : 15
      minor : 1
2024-06-26T03:07:35.044-06:00 DEBUG 19624 --- [ApiInventarioMiniii] [           main] o.h.e.j.e.i.JdbcEnvironmentInitiator     : Driver ->
       name : PostgreSQL JDBC Driver
    version : 42.6.2
      major : 42
      minor : 6
2024-06-26T03:07:35.045-06:00 DEBUG 19624 --- [ApiInventarioMiniii] [           main] o.h.e.j.e.i.JdbcEnvironmentInitiator     : JDBC version : 4.2
2024-06-26T03:07:35.235-06:00  WARN 19624 --- [ApiInventarioMiniii] [           main] org.hibernate.orm.deprecation            : HHH90000025: PostgreSQLDialect does not need to be specified explicitly using 'hibernate.dialect' (remove the property setting and it will be selected by default)
2024-06-26T03:07:35.246-06:00 DEBUG 19624 --- [ApiInventarioMiniii] [           main] org.hibernate.orm.dialect                : HHH035001: Using dialect: org.hibernate.dialect.PostgreSQLDialect, version: 15.1
2024-06-26T03:07:35.257-06:00 DEBUG 19624 --- [ApiInventarioMiniii] [           main] o.h.e.j.env.spi.IdentifierHelperBuilder  : JDBC driver metadata reported database stores quoted identifiers in neither upper, lower nor mixed case
2024-06-26T03:07:35.492-06:00 DEBUG 19624 --- [ApiInventarioMiniii] [           main] org.hibernate.orm.jdbc.lob               : HHH10010004: Disabling contextual LOB creation as Dialect reported it is not supported
2024-06-26T03:07:35.530-06:00 DEBUG 19624 --- [ApiInventarioMiniii] [           main] o.h.t.d.sql.spi.DdlTypeRegistry          : addDescriptor(2003, org.hibernate.type.descriptor.sql.internal.ArrayDdlTypeImpl@24eecabf) replaced previous registration(org.hibernate.type.descriptor.sql.internal.ArrayDdlTypeImpl@2ffa91dc)
2024-06-26T03:07:35.531-06:00 DEBUG 19624 --- [ApiInventarioMiniii] [           main] o.h.t.d.sql.spi.DdlTypeRegistry          : addDescriptor(6, org.hibernate.type.descriptor.sql.internal.CapacityDependentDdlType@78d6c244) replaced previous registration(org.hibernate.type.descriptor.sql.internal.DdlTypeImpl@448086ab)
2024-06-26T03:07:35.537-06:00 DEBUG 19624 --- [ApiInventarioMiniii] [           main] o.h.t.d.jdbc.spi.JdbcTypeRegistry        : addDescriptor(2004, BlobTypeDescriptor(BLOB_BINDING)) replaced previous registration(BlobTypeDescriptor(DEFAULT))
2024-06-26T03:07:35.538-06:00 DEBUG 19624 --- [ApiInventarioMiniii] [           main] o.h.t.d.jdbc.spi.JdbcTypeRegistry        : addDescriptor(2005, ClobTypeDescriptor(CLOB_BINDING)) replaced previous registration(ClobTypeDescriptor(DEFAULT))
2024-06-26T03:07:35.550-06:00 DEBUG 19624 --- [ApiInventarioMiniii] [           main] org.hibernate.type.BasicTypeRegistry     : Adding type registration JAVA_OBJECT -> org.hibernate.type.JavaObjectType@3fe8ad3f
2024-06-26T03:07:35.550-06:00 DEBUG 19624 --- [ApiInventarioMiniii] [           main] org.hibernate.type.BasicTypeRegistry     : Adding type registration java.lang.Object -> org.hibernate.type.JavaObjectType@3fe8ad3f
2024-06-26T03:07:35.550-06:00 DEBUG 19624 --- [ApiInventarioMiniii] [           main] org.hibernate.type.BasicTypeRegistry     : Type registration key [java.lang.Object] overrode previous entry : `org.hibernate.type.JavaObjectType@77083e41`
2024-06-26T03:07:35.555-06:00 DEBUG 19624 --- [ApiInventarioMiniii] [           main] org.hibernate.type.BasicTypeRegistry     : Adding type registration org.hibernate.type.DurationType -> basicType@1(java.time.Duration,3015)
2024-06-26T03:07:35.556-06:00 DEBUG 19624 --- [ApiInventarioMiniii] [           main] org.hibernate.type.BasicTypeRegistry     : Adding type registration Duration -> basicType@1(java.time.Duration,3015)
2024-06-26T03:07:35.556-06:00 DEBUG 19624 --- [ApiInventarioMiniii] [           main] org.hibernate.type.BasicTypeRegistry     : Adding type registration java.time.Duration -> basicType@1(java.time.Duration,3015)
2024-06-26T03:07:35.560-06:00 DEBUG 19624 --- [ApiInventarioMiniii] [           main] org.hibernate.type.BasicTypeRegistry     : Adding type registration org.hibernate.type.OffsetDateTimeType -> basicType@2(java.time.OffsetDateTime,3003)
2024-06-26T03:07:35.560-06:00 DEBUG 19624 --- [ApiInventarioMiniii] [           main] org.hibernate.type.BasicTypeRegistry     : Adding type registration OffsetDateTime -> basicType@2(java.time.OffsetDateTime,3003)
2024-06-26T03:07:35.560-06:00 DEBUG 19624 --- [ApiInventarioMiniii] [           main] org.hibernate.type.BasicTypeRegistry     : Adding type registration java.time.OffsetDateTime -> basicType@2(java.time.OffsetDateTime,3003)
2024-06-26T03:07:35.560-06:00 DEBUG 19624 --- [ApiInventarioMiniii] [           main] org.hibernate.type.BasicTypeRegistry     : Adding type registration org.hibernate.type.ZonedDateTimeType -> basicType@3(java.time.ZonedDateTime,3003)
2024-06-26T03:07:35.560-06:00 DEBUG 19624 --- [ApiInventarioMiniii] [           main] org.hibernate.type.BasicTypeRegistry     : Adding type registration ZonedDateTime -> basicType@3(java.time.ZonedDateTime,3003)
2024-06-26T03:07:35.561-06:00 DEBUG 19624 --- [ApiInventarioMiniii] [           main] org.hibernate.type.BasicTypeRegistry     : Adding type registration java.time.ZonedDateTime -> basicType@3(java.time.ZonedDateTime,3003)
2024-06-26T03:07:35.561-06:00 DEBUG 19624 --- [ApiInventarioMiniii] [           main] org.hibernate.type.BasicTypeRegistry     : Adding type registration org.hibernate.type.OffsetTimeType -> basicType@4(java.time.OffsetTime,3007)
2024-06-26T03:07:35.561-06:00 DEBUG 19624 --- [ApiInventarioMiniii] [           main] org.hibernate.type.BasicTypeRegistry     : Adding type registration OffsetTime -> basicType@4(java.time.OffsetTime,3007)
2024-06-26T03:07:35.561-06:00 DEBUG 19624 --- [ApiInventarioMiniii] [           main] org.hibernate.type.BasicTypeRegistry     : Adding type registration java.time.OffsetTime -> basicType@4(java.time.OffsetTime,3007)
2024-06-26T03:07:35.563-06:00 DEBUG 19624 --- [ApiInventarioMiniii] [           main] o.h.type.spi.TypeConfiguration$Scope     : Scoping TypeConfiguration [org.hibernate.type.spi.TypeConfiguration@403f7aa2] to MetadataBuildingContext [org.hibernate.boot.internal.MetadataBuildingContextRootImpl@545604a9]
2024-06-26T03:07:35.626-06:00 DEBUG 19624 --- [ApiInventarioMiniii] [           main] o.h.boot.model.relational.Namespace      : Created database namespace [logicalName=Name{catalog=null, schema=null}, physicalName=Name{catalog=null, schema=null}]
2024-06-26T03:07:35.669-06:00 DEBUG 19624 --- [ApiInventarioMiniii] [           main] o.h.boot.model.internal.EntityBinder     : Binding entity from annotated class: com.ipn.mx.domain.entity.Categoria
2024-06-26T03:07:35.681-06:00 DEBUG 19624 --- [ApiInventarioMiniii] [           main] o.h.boot.model.internal.EntityBinder     : Import with entity name Categoria
2024-06-26T03:07:35.690-06:00 DEBUG 19624 --- [ApiInventarioMiniii] [           main] o.h.boot.model.internal.EntityBinder     : Bind entity com.ipn.mx.domain.entity.Categoria on table categoria
2024-06-26T03:07:35.707-06:00 DEBUG 19624 --- [ApiInventarioMiniii] [           main] o.h.boot.model.internal.AnnotatedColumn  : Binding column: AnnotatedDiscriminatorColumn(column='DTYPE')
2024-06-26T03:07:35.728-06:00 DEBUG 19624 --- [ApiInventarioMiniii] [           main] o.h.boot.model.internal.AnnotatedColumn  : Binding column: AnnotatedColumn(column='idcategoria')
2024-06-26T03:07:35.730-06:00 DEBUG 19624 --- [ApiInventarioMiniii] [           main] o.h.boot.internal.ClassLoaderAccessImpl  : Not known whether passed class name [com.ipn.mx.domain.entity.Categoria] is safe
2024-06-26T03:07:35.731-06:00 DEBUG 19624 --- [ApiInventarioMiniii] [           main] o.h.boot.internal.ClassLoaderAccessImpl  : No temp ClassLoader provided; using live ClassLoader for loading potentially unsafe class : com.ipn.mx.domain.entity.Categoria
2024-06-26T03:07:35.735-06:00 DEBUG 19624 --- [ApiInventarioMiniii] [           main] o.h.boot.model.internal.PropertyBinder   : MetadataSourceProcessor property idcategoria with lazy=false
2024-06-26T03:07:35.741-06:00 DEBUG 19624 --- [ApiInventarioMiniii] [           main] o.h.b.m.internal.AbstractPropertyHolder  : Attempting to locate auto-apply AttributeConverter for property [com.ipn.mx.domain.entity.Categoria:idcategoria]
2024-06-26T03:07:35.745-06:00 DEBUG 19624 --- [ApiInventarioMiniii] [           main] o.h.b.model.internal.BasicValueBinder    : building BasicValue for idcategoria
2024-06-26T03:07:35.750-06:00 DEBUG 19624 --- [ApiInventarioMiniii] [           main] org.hibernate.mapping.BasicValue         : Skipping column re-registration: categoria.idcategoria
2024-06-26T03:07:35.750-06:00 DEBUG 19624 --- [ApiInventarioMiniii] [           main] o.h.boot.model.internal.PropertyBinder   : Building property idcategoria
2024-06-26T03:07:35.755-06:00 DEBUG 19624 --- [ApiInventarioMiniii] [           main] o.h.boot.model.internal.BinderHelper     : #makeIdGenerator(BasicValue([Column(idcategoria)]), idcategoria, identity, , ...)
2024-06-26T03:07:35.757-06:00 DEBUG 19624 --- [ApiInventarioMiniii] [           main] o.h.boot.model.internal.AnnotatedColumn  : Binding column: AnnotatedColumn(column='descripcioncategoria')
2024-06-26T03:07:35.757-06:00 DEBUG 19624 --- [ApiInventarioMiniii] [           main] o.h.boot.model.internal.PropertyBinder   : MetadataSourceProcessor property descripcioncategoria with lazy=false
2024-06-26T03:07:35.757-06:00 DEBUG 19624 --- [ApiInventarioMiniii] [           main] o.h.b.m.internal.AbstractPropertyHolder  : Attempting to locate auto-apply AttributeConverter for property [com.ipn.mx.domain.entity.Categoria:descripcioncategoria]
2024-06-26T03:07:35.757-06:00 DEBUG 19624 --- [ApiInventarioMiniii] [           main] o.h.b.model.internal.BasicValueBinder    : building BasicValue for descripcioncategoria
2024-06-26T03:07:35.758-06:00 DEBUG 19624 --- [ApiInventarioMiniii] [           main] org.hibernate.mapping.BasicValue         : Skipping column re-registration: categoria.descripcioncategoria
2024-06-26T03:07:35.758-06:00 DEBUG 19624 --- [ApiInventarioMiniii] [           main] o.h.boot.model.internal.PropertyBinder   : Building property descripcioncategoria
2024-06-26T03:07:35.758-06:00 DEBUG 19624 --- [ApiInventarioMiniii] [           main] o.h.boot.model.internal.AnnotatedColumn  : Binding column: AnnotatedColumn(column='fechacreacion')
2024-06-26T03:07:35.758-06:00 DEBUG 19624 --- [ApiInventarioMiniii] [           main] o.h.boot.model.internal.PropertyBinder   : MetadataSourceProcessor property fechacreacion with lazy=false
2024-06-26T03:07:35.758-06:00 DEBUG 19624 --- [ApiInventarioMiniii] [           main] o.h.b.m.internal.AbstractPropertyHolder  : Attempting to locate auto-apply AttributeConverter for property [com.ipn.mx.domain.entity.Categoria:fechacreacion]
2024-06-26T03:07:35.759-06:00 DEBUG 19624 --- [ApiInventarioMiniii] [           main] o.h.b.model.internal.BasicValueBinder    : building BasicValue for fechacreacion
2024-06-26T03:07:35.759-06:00 DEBUG 19624 --- [ApiInventarioMiniii] [           main] org.hibernate.mapping.BasicValue         : Skipping column re-registration: categoria.fechacreacion
2024-06-26T03:07:35.759-06:00 DEBUG 19624 --- [ApiInventarioMiniii] [           main] o.h.boot.model.internal.PropertyBinder   : Building property fechacreacion
2024-06-26T03:07:35.759-06:00 DEBUG 19624 --- [ApiInventarioMiniii] [           main] o.h.boot.model.internal.AnnotatedColumn  : Binding column: AnnotatedColumn(column='nombrecategoria')
2024-06-26T03:07:35.759-06:00 DEBUG 19624 --- [ApiInventarioMiniii] [           main] o.h.boot.model.internal.PropertyBinder   : MetadataSourceProcessor property nombrecategoria with lazy=false
2024-06-26T03:07:35.759-06:00 DEBUG 19624 --- [ApiInventarioMiniii] [           main] o.h.b.m.internal.AbstractPropertyHolder  : Attempting to locate auto-apply AttributeConverter for property [com.ipn.mx.domain.entity.Categoria:nombrecategoria]
2024-06-26T03:07:35.759-06:00 DEBUG 19624 --- [ApiInventarioMiniii] [           main] o.h.b.model.internal.BasicValueBinder    : building BasicValue for nombrecategoria
2024-06-26T03:07:35.760-06:00 DEBUG 19624 --- [ApiInventarioMiniii] [           main] org.hibernate.mapping.BasicValue         : Skipping column re-registration: categoria.nombrecategoria
2024-06-26T03:07:35.760-06:00 DEBUG 19624 --- [ApiInventarioMiniii] [           main] o.h.boot.model.internal.PropertyBinder   : Building property nombrecategoria
2024-06-26T03:07:35.761-06:00 DEBUG 19624 --- [ApiInventarioMiniii] [           main] o.h.b.r.c.i.ClassLoaderServiceImpl       : HHH000194: Package not found or wo package-info.java: com.ipn.mx.domain.entity
2024-06-26T03:07:35.772-06:00 DEBUG 19624 --- [ApiInventarioMiniii] [           main] o.h.boot.model.internal.EntityBinder     : Binding entity from annotated class: com.ipn.mx.domain.entity.Producto
2024-06-26T03:07:35.773-06:00 DEBUG 19624 --- [ApiInventarioMiniii] [           main] o.h.boot.model.internal.EntityBinder     : Import with entity name Producto
2024-06-26T03:07:35.774-06:00 DEBUG 19624 --- [ApiInventarioMiniii] [           main] o.h.boot.model.internal.EntityBinder     : Bind entity com.ipn.mx.domain.entity.Producto on table producto
2024-06-26T03:07:35.775-06:00 DEBUG 19624 --- [ApiInventarioMiniii] [           main] o.h.boot.model.internal.AnnotatedColumn  : Binding column: AnnotatedDiscriminatorColumn(column='DTYPE')
2024-06-26T03:07:35.792-06:00 DEBUG 19624 --- [ApiInventarioMiniii] [           main] o.h.boot.model.internal.AnnotatedColumn  : Binding column: AnnotatedColumn(column='`idproducto`')
2024-06-26T03:07:35.792-06:00 DEBUG 19624 --- [ApiInventarioMiniii] [           main] o.h.boot.internal.ClassLoaderAccessImpl  : Not known whether passed class name [com.ipn.mx.domain.entity.Producto] is safe
2024-06-26T03:07:35.792-06:00 DEBUG 19624 --- [ApiInventarioMiniii] [           main] o.h.boot.internal.ClassLoaderAccessImpl  : No temp ClassLoader provided; using live ClassLoader for loading potentially unsafe class : com.ipn.mx.domain.entity.Producto
2024-06-26T03:07:35.793-06:00 DEBUG 19624 --- [ApiInventarioMiniii] [           main] o.h.boot.model.internal.PropertyBinder   : MetadataSourceProcessor property idproducto with lazy=false
2024-06-26T03:07:35.793-06:00 DEBUG 19624 --- [ApiInventarioMiniii] [           main] o.h.b.m.internal.AbstractPropertyHolder  : Attempting to locate auto-apply AttributeConverter for property [com.ipn.mx.domain.entity.Producto:idproducto]
2024-06-26T03:07:35.793-06:00 DEBUG 19624 --- [ApiInventarioMiniii] [           main] o.h.b.model.internal.BasicValueBinder    : building BasicValue for idproducto
2024-06-26T03:07:35.793-06:00 DEBUG 19624 --- [ApiInventarioMiniii] [           main] org.hibernate.mapping.BasicValue         : Skipping column re-registration: producto.idproducto
2024-06-26T03:07:35.793-06:00 DEBUG 19624 --- [ApiInventarioMiniii] [           main] o.h.boot.model.internal.PropertyBinder   : Building property idproducto
2024-06-26T03:07:35.793-06:00 DEBUG 19624 --- [ApiInventarioMiniii] [           main] o.h.boot.model.internal.BinderHelper     : #makeIdGenerator(BasicValue([Column(idproducto)]), idproducto, identity, , ...)
2024-06-26T03:07:35.794-06:00 DEBUG 19624 --- [ApiInventarioMiniii] [           main] o.h.boot.model.internal.AnnotatedColumn  : Binding column: AnnotatedColumn(column='descripcionproducto')
2024-06-26T03:07:35.794-06:00 DEBUG 19624 --- [ApiInventarioMiniii] [           main] o.h.boot.model.internal.PropertyBinder   : MetadataSourceProcessor property descripcionproducto with lazy=false
2024-06-26T03:07:35.794-06:00 DEBUG 19624 --- [ApiInventarioMiniii] [           main] o.h.b.m.internal.AbstractPropertyHolder  : Attempting to locate auto-apply AttributeConverter for property [com.ipn.mx.domain.entity.Producto:descripcionproducto]
2024-06-26T03:07:35.794-06:00 DEBUG 19624 --- [ApiInventarioMiniii] [           main] o.h.b.model.internal.BasicValueBinder    : building BasicValue for descripcionproducto
2024-06-26T03:07:35.794-06:00 DEBUG 19624 --- [ApiInventarioMiniii] [           main] org.hibernate.mapping.BasicValue         : Skipping column re-registration: producto.descripcionproducto
2024-06-26T03:07:35.795-06:00 DEBUG 19624 --- [ApiInventarioMiniii] [           main] o.h.boot.model.internal.PropertyBinder   : Building property descripcionproducto
2024-06-26T03:07:35.795-06:00 DEBUG 19624 --- [ApiInventarioMiniii] [           main] o.h.boot.model.internal.AnnotatedColumn  : Binding column: AnnotatedColumn(column='existencia')
2024-06-26T03:07:35.795-06:00 DEBUG 19624 --- [ApiInventarioMiniii] [           main] o.h.boot.model.internal.PropertyBinder   : MetadataSourceProcessor property existencia with lazy=false
2024-06-26T03:07:35.795-06:00 DEBUG 19624 --- [ApiInventarioMiniii] [           main] o.h.b.m.internal.AbstractPropertyHolder  : Attempting to locate auto-apply AttributeConverter for property [com.ipn.mx.domain.entity.Producto:existencia]
2024-06-26T03:07:35.796-06:00 DEBUG 19624 --- [ApiInventarioMiniii] [           main] o.h.b.model.internal.BasicValueBinder    : building BasicValue for existencia
2024-06-26T03:07:35.796-06:00 DEBUG 19624 --- [ApiInventarioMiniii] [           main] org.hibernate.mapping.BasicValue         : Skipping column re-registration: producto.existencia
2024-06-26T03:07:35.796-06:00 DEBUG 19624 --- [ApiInventarioMiniii] [           main] o.h.boot.model.internal.PropertyBinder   : Building property existencia
2024-06-26T03:07:35.799-06:00 DEBUG 19624 --- [ApiInventarioMiniii] [           main] o.h.boot.model.internal.AnnotatedColumn  : Binding column: AnnotatedJoinColumn(column='idcategoria',referencedColumn='idcategoria')
2024-06-26T03:07:35.812-06:00 DEBUG 19624 --- [ApiInventarioMiniii] [           main] o.h.boot.model.internal.AnnotatedColumn  : Binding column: AnnotatedColumn()
2024-06-26T03:07:35.821-06:00 DEBUG 19624 --- [ApiInventarioMiniii] [           main] o.h.boot.model.internal.PropertyBinder   : Building property idcategoria
2024-06-26T03:07:35.821-06:00 DEBUG 19624 --- [ApiInventarioMiniii] [           main] o.h.boot.model.internal.AnnotatedColumn  : Binding column: AnnotatedColumn(column='nombreproducto')
2024-06-26T03:07:35.822-06:00 DEBUG 19624 --- [ApiInventarioMiniii] [           main] o.h.boot.model.internal.PropertyBinder   : MetadataSourceProcessor property nombreproducto with lazy=false
2024-06-26T03:07:35.822-06:00 DEBUG 19624 --- [ApiInventarioMiniii] [           main] o.h.b.m.internal.AbstractPropertyHolder  : Attempting to locate auto-apply AttributeConverter for property [com.ipn.mx.domain.entity.Producto:nombreproducto]
2024-06-26T03:07:35.822-06:00 DEBUG 19624 --- [ApiInventarioMiniii] [           main] o.h.b.model.internal.BasicValueBinder    : building BasicValue for nombreproducto
2024-06-26T03:07:35.822-06:00 DEBUG 19624 --- [ApiInventarioMiniii] [           main] org.hibernate.mapping.BasicValue         : Skipping column re-registration: producto.nombreproducto
2024-06-26T03:07:35.822-06:00 DEBUG 19624 --- [ApiInventarioMiniii] [           main] o.h.boot.model.internal.PropertyBinder   : Building property nombreproducto
2024-06-26T03:07:35.822-06:00 DEBUG 19624 --- [ApiInventarioMiniii] [           main] o.h.boot.model.internal.AnnotatedColumn  : Binding column: AnnotatedColumn(column='precio')
2024-06-26T03:07:35.822-06:00 DEBUG 19624 --- [ApiInventarioMiniii] [           main] o.h.boot.model.internal.PropertyBinder   : MetadataSourceProcessor property precio with lazy=false
2024-06-26T03:07:35.823-06:00 DEBUG 19624 --- [ApiInventarioMiniii] [           main] o.h.b.m.internal.AbstractPropertyHolder  : Attempting to locate auto-apply AttributeConverter for property [com.ipn.mx.domain.entity.Producto:precio]
2024-06-26T03:07:35.823-06:00 DEBUG 19624 --- [ApiInventarioMiniii] [           main] o.h.b.model.internal.BasicValueBinder    : building BasicValue for precio
2024-06-26T03:07:35.823-06:00 DEBUG 19624 --- [ApiInventarioMiniii] [           main] org.hibernate.mapping.BasicValue         : Skipping column re-registration: producto.precio
2024-06-26T03:07:35.823-06:00 DEBUG 19624 --- [ApiInventarioMiniii] [           main] o.h.boot.model.internal.PropertyBinder   : Building property precio
2024-06-26T03:07:35.824-06:00 DEBUG 19624 --- [ApiInventarioMiniii] [           main] o.h.b.r.c.i.ClassLoaderServiceImpl       : HHH000194: Package not found or wo package-info.java: com.ipn.mx.domain.entity
2024-06-26T03:07:35.825-06:00 DEBUG 19624 --- [ApiInventarioMiniii] [           main] o.h.boot.model.internal.EntityBinder     : Binding entity from annotated class: com.ipn.mx.domain.entity.Usuario
2024-06-26T03:07:35.826-06:00 DEBUG 19624 --- [ApiInventarioMiniii] [           main] o.h.boot.model.internal.EntityBinder     : Import with entity name Usuario
2024-06-26T03:07:35.826-06:00 DEBUG 19624 --- [ApiInventarioMiniii] [           main] o.h.boot.model.internal.EntityBinder     : Bind entity com.ipn.mx.domain.entity.Usuario on table usuarios
2024-06-26T03:07:35.826-06:00 DEBUG 19624 --- [ApiInventarioMiniii] [           main] o.h.boot.model.internal.AnnotatedColumn  : Binding column: AnnotatedDiscriminatorColumn(column='DTYPE')
2024-06-26T03:07:35.828-06:00 DEBUG 19624 --- [ApiInventarioMiniii] [           main] o.h.boot.model.internal.AnnotatedColumn  : Binding column: AnnotatedColumn(column='idusuario')
2024-06-26T03:07:35.828-06:00 DEBUG 19624 --- [ApiInventarioMiniii] [           main] o.h.boot.internal.ClassLoaderAccessImpl  : Not known whether passed class name [com.ipn.mx.domain.entity.Usuario] is safe
2024-06-26T03:07:35.828-06:00 DEBUG 19624 --- [ApiInventarioMiniii] [           main] o.h.boot.internal.ClassLoaderAccessImpl  : No temp ClassLoader provided; using live ClassLoader for loading potentially unsafe class : com.ipn.mx.domain.entity.Usuario
2024-06-26T03:07:35.828-06:00 DEBUG 19624 --- [ApiInventarioMiniii] [           main] o.h.boot.model.internal.PropertyBinder   : MetadataSourceProcessor property idusuario with lazy=false
2024-06-26T03:07:35.828-06:00 DEBUG 19624 --- [ApiInventarioMiniii] [           main] o.h.b.m.internal.AbstractPropertyHolder  : Attempting to locate auto-apply AttributeConverter for property [com.ipn.mx.domain.entity.Usuario:idusuario]
2024-06-26T03:07:35.828-06:00 DEBUG 19624 --- [ApiInventarioMiniii] [           main] o.h.b.model.internal.BasicValueBinder    : building BasicValue for idusuario
2024-06-26T03:07:35.828-06:00 DEBUG 19624 --- [ApiInventarioMiniii] [           main] org.hibernate.mapping.BasicValue         : Skipping column re-registration: usuarios.idusuario
2024-06-26T03:07:35.828-06:00 DEBUG 19624 --- [ApiInventarioMiniii] [           main] o.h.boot.model.internal.PropertyBinder   : Building property idusuario
2024-06-26T03:07:35.828-06:00 DEBUG 19624 --- [ApiInventarioMiniii] [           main] o.h.boot.model.internal.BinderHelper     : #makeIdGenerator(BasicValue([Column(idusuario)]), idusuario, identity, , ...)
2024-06-26T03:07:35.829-06:00 DEBUG 19624 --- [ApiInventarioMiniii] [           main] o.h.boot.model.internal.AnnotatedColumn  : Binding column: AnnotatedColumn(column='email')
2024-06-26T03:07:35.829-06:00 DEBUG 19624 --- [ApiInventarioMiniii] [           main] o.h.boot.model.internal.PropertyBinder   : MetadataSourceProcessor property email with lazy=false
2024-06-26T03:07:35.829-06:00 DEBUG 19624 --- [ApiInventarioMiniii] [           main] o.h.b.m.internal.AbstractPropertyHolder  : Attempting to locate auto-apply AttributeConverter for property [com.ipn.mx.domain.entity.Usuario:email]
2024-06-26T03:07:35.829-06:00 DEBUG 19624 --- [ApiInventarioMiniii] [           main] o.h.b.model.internal.BasicValueBinder    : building BasicValue for email
2024-06-26T03:07:35.829-06:00 DEBUG 19624 --- [ApiInventarioMiniii] [           main] org.hibernate.mapping.BasicValue         : Skipping column re-registration: usuarios.email
2024-06-26T03:07:35.829-06:00 DEBUG 19624 --- [ApiInventarioMiniii] [           main] o.h.boot.model.internal.PropertyBinder   : Building property email
2024-06-26T03:07:35.830-06:00 DEBUG 19624 --- [ApiInventarioMiniii] [           main] o.h.boot.model.internal.AnnotatedColumn  : Binding column: AnnotatedColumn(column='materno')
2024-06-26T03:07:35.830-06:00 DEBUG 19624 --- [ApiInventarioMiniii] [           main] o.h.boot.model.internal.PropertyBinder   : MetadataSourceProcessor property materno with lazy=false
2024-06-26T03:07:35.830-06:00 DEBUG 19624 --- [ApiInventarioMiniii] [           main] o.h.b.m.internal.AbstractPropertyHolder  : Attempting to locate auto-apply AttributeConverter for property [com.ipn.mx.domain.entity.Usuario:materno]
2024-06-26T03:07:35.830-06:00 DEBUG 19624 --- [ApiInventarioMiniii] [           main] o.h.b.model.internal.BasicValueBinder    : building BasicValue for materno
2024-06-26T03:07:35.830-06:00 DEBUG 19624 --- [ApiInventarioMiniii] [           main] org.hibernate.mapping.BasicValue         : Skipping column re-registration: usuarios.materno
2024-06-26T03:07:35.830-06:00 DEBUG 19624 --- [ApiInventarioMiniii] [           main] o.h.boot.model.internal.PropertyBinder   : Building property materno
2024-06-26T03:07:35.831-06:00 DEBUG 19624 --- [ApiInventarioMiniii] [           main] o.h.boot.model.internal.AnnotatedColumn  : Binding column: AnnotatedColumn(column='nombre')
2024-06-26T03:07:35.832-06:00 DEBUG 19624 --- [ApiInventarioMiniii] [           main] o.h.boot.model.internal.PropertyBinder   : MetadataSourceProcessor property nombre with lazy=false
2024-06-26T03:07:35.832-06:00 DEBUG 19624 --- [ApiInventarioMiniii] [           main] o.h.b.m.internal.AbstractPropertyHolder  : Attempting to locate auto-apply AttributeConverter for property [com.ipn.mx.domain.entity.Usuario:nombre]
2024-06-26T03:07:35.832-06:00 DEBUG 19624 --- [ApiInventarioMiniii] [           main] o.h.b.model.internal.BasicValueBinder    : building BasicValue for nombre
2024-06-26T03:07:35.832-06:00 DEBUG 19624 --- [ApiInventarioMiniii] [           main] org.hibernate.mapping.BasicValue         : Skipping column re-registration: usuarios.nombre
2024-06-26T03:07:35.832-06:00 DEBUG 19624 --- [ApiInventarioMiniii] [           main] o.h.boot.model.internal.PropertyBinder   : Building property nombre
2024-06-26T03:07:35.833-06:00 DEBUG 19624 --- [ApiInventarioMiniii] [           main] o.h.boot.model.internal.AnnotatedColumn  : Binding column: AnnotatedColumn(column='paterno')
2024-06-26T03:07:35.833-06:00 DEBUG 19624 --- [ApiInventarioMiniii] [           main] o.h.boot.model.internal.PropertyBinder   : MetadataSourceProcessor property paterno with lazy=false
2024-06-26T03:07:35.833-06:00 DEBUG 19624 --- [ApiInventarioMiniii] [           main] o.h.b.m.internal.AbstractPropertyHolder  : Attempting to locate auto-apply AttributeConverter for property [com.ipn.mx.domain.entity.Usuario:paterno]
2024-06-26T03:07:35.833-06:00 DEBUG 19624 --- [ApiInventarioMiniii] [           main] o.h.b.model.internal.BasicValueBinder    : building BasicValue for paterno
2024-06-26T03:07:35.833-06:00 DEBUG 19624 --- [ApiInventarioMiniii] [           main] org.hibernate.mapping.BasicValue         : Skipping column re-registration: usuarios.paterno
2024-06-26T03:07:35.833-06:00 DEBUG 19624 --- [ApiInventarioMiniii] [           main] o.h.boot.model.internal.PropertyBinder   : Building property paterno
2024-06-26T03:07:35.835-06:00 DEBUG 19624 --- [ApiInventarioMiniii] [           main] o.h.b.r.c.i.ClassLoaderServiceImpl       : HHH000194: Package not found or wo package-info.java: com.ipn.mx.domain.entity
2024-06-26T03:07:35.837-06:00 DEBUG 19624 --- [ApiInventarioMiniii] [           main] o.h.b.model.internal.BasicValueBinder    : Starting `BasicValueBinder#fillSimpleValue` for idcategoria
2024-06-26T03:07:35.840-06:00 DEBUG 19624 --- [ApiInventarioMiniii] [           main] o.h.b.model.internal.BasicValueBinder    : Starting `BasicValueBinder#fillSimpleValue` for descripcioncategoria
2024-06-26T03:07:35.840-06:00 DEBUG 19624 --- [ApiInventarioMiniii] [           main] o.h.b.model.internal.BasicValueBinder    : Starting `BasicValueBinder#fillSimpleValue` for fechacreacion
2024-06-26T03:07:35.840-06:00 DEBUG 19624 --- [ApiInventarioMiniii] [           main] o.h.b.model.internal.BasicValueBinder    : Starting `BasicValueBinder#fillSimpleValue` for nombrecategoria
2024-06-26T03:07:35.840-06:00 DEBUG 19624 --- [ApiInventarioMiniii] [           main] o.h.b.model.internal.BasicValueBinder    : Starting `BasicValueBinder#fillSimpleValue` for idproducto
2024-06-26T03:07:35.840-06:00 DEBUG 19624 --- [ApiInventarioMiniii] [           main] o.h.b.model.internal.BasicValueBinder    : Starting `BasicValueBinder#fillSimpleValue` for descripcionproducto
2024-06-26T03:07:35.841-06:00 DEBUG 19624 --- [ApiInventarioMiniii] [           main] o.h.b.model.internal.BasicValueBinder    : Starting `BasicValueBinder#fillSimpleValue` for existencia
2024-06-26T03:07:35.841-06:00 DEBUG 19624 --- [ApiInventarioMiniii] [           main] o.h.b.model.internal.BasicValueBinder    : Starting `BasicValueBinder#fillSimpleValue` for nombreproducto
2024-06-26T03:07:35.841-06:00 DEBUG 19624 --- [ApiInventarioMiniii] [           main] o.h.b.model.internal.BasicValueBinder    : Starting `BasicValueBinder#fillSimpleValue` for precio
2024-06-26T03:07:35.841-06:00 DEBUG 19624 --- [ApiInventarioMiniii] [           main] o.h.b.model.internal.BasicValueBinder    : Starting `BasicValueBinder#fillSimpleValue` for idusuario
2024-06-26T03:07:35.841-06:00 DEBUG 19624 --- [ApiInventarioMiniii] [           main] o.h.b.model.internal.BasicValueBinder    : Starting `BasicValueBinder#fillSimpleValue` for email
2024-06-26T03:07:35.841-06:00 DEBUG 19624 --- [ApiInventarioMiniii] [           main] o.h.b.model.internal.BasicValueBinder    : Starting `BasicValueBinder#fillSimpleValue` for materno
2024-06-26T03:07:35.841-06:00 DEBUG 19624 --- [ApiInventarioMiniii] [           main] o.h.b.model.internal.BasicValueBinder    : Starting `BasicValueBinder#fillSimpleValue` for nombre
2024-06-26T03:07:35.841-06:00 DEBUG 19624 --- [ApiInventarioMiniii] [           main] o.h.b.model.internal.BasicValueBinder    : Starting `BasicValueBinder#fillSimpleValue` for paterno
2024-06-26T03:07:35.849-06:00 DEBUG 19624 --- [ApiInventarioMiniii] [           main] org.hibernate.mapping.PrimaryKey         : Forcing column [idcategoria] to be non-null as it is part of the primary key for table [categoria]
2024-06-26T03:07:35.849-06:00 DEBUG 19624 --- [ApiInventarioMiniii] [           main] org.hibernate.mapping.PrimaryKey         : Forcing column [idproducto] to be non-null as it is part of the primary key for table [producto]
2024-06-26T03:07:35.850-06:00 DEBUG 19624 --- [ApiInventarioMiniii] [           main] org.hibernate.mapping.PrimaryKey         : Forcing column [idusuario] to be non-null as it is part of the primary key for table [usuarios]
2024-06-26T03:07:35.853-06:00 DEBUG 19624 --- [ApiInventarioMiniii] [           main] o.h.b.i.InFlightMetadataCollectorImpl    : Resolving reference to class: com.ipn.mx.domain.entity.Categoria
2024-06-26T03:07:35.884-06:00 DEBUG 19624 --- [ApiInventarioMiniii] [           main] o.h.b.i.InFlightMetadataCollectorImpl    : Resolving reference to class: com.ipn.mx.domain.entity.Categoria
2024-06-26T03:07:35.949-06:00 DEBUG 19624 --- [ApiInventarioMiniii] [           main] o.hibernate.internal.SessionFactoryImpl  : Building session factory
2024-06-26T03:07:36.020-06:00 DEBUG 19624 --- [ApiInventarioMiniii] [           main] .h.s.i.SessionFactoryServiceRegistryImpl : EventListenerRegistry access via ServiceRegistry is deprecated.  Use `sessionFactory.getEventEngine().getListenerRegistry()` instead
2024-06-26T03:07:36.020-06:00 DEBUG 19624 --- [ApiInventarioMiniii] [           main] o.hibernate.internal.SessionFactoryImpl  : Instantiating SessionFactory with settings: {java.specification.version=17, sun.cpu.isalist=amd64, hibernate.resource.beans.container=org.springframework.orm.hibernate5.SpringBeanContainer@85cd413, hibernate.connection.handling_mode=DELAYED_ACQUISITION_AND_HOLD, sun.jnu.encoding=Cp1252, hibernate.dialect=org.hibernate.dialect.PostgreSQLDialect, hibernate.implicit_naming_strategy=org.hibernate.boot.model.naming.ImplicitNamingStrategyLegacyJpaImpl, java.class.path=C:\Users\Yorch\Documents\ESCOM\Web Client\sts\workspace\ApiInventarioMiniii\target\test-classes;C:\Users\Yorch\Documents\ESCOM\Web Client\sts\workspace\ApiInventarioMiniii\target\classes;C:\Users\Yorch\.m2\repository\com\itextpdf\itextpdf\5.5.13\itextpdf-5.5.13.jar;C:\Users\Yorch\.m2\repository\org\springframework\boot\spring-boot-starter-data-jpa\3.2.5\spring-boot-starter-data-jpa-3.2.5.jar;C:\Users\Yorch\.m2\repository\org\springframework\boot\spring-boot-starter-aop\3.2.5\spring-boot-starter-aop-3.2.5.jar;C:\Users\Yorch\.m2\repository\org\springframework\spring-aop\6.1.6\spring-aop-6.1.6.jar;C:\Users\Yorch\.m2\repository\org\aspectj\aspectjweaver\1.9.22\aspectjweaver-1.9.22.jar;C:\Users\Yorch\.m2\repository\org\springframework\boot\spring-boot-starter-jdbc\3.2.5\spring-boot-starter-jdbc-3.2.5.jar;C:\Users\Yorch\.m2\repository\com\zaxxer\HikariCP\5.0.1\HikariCP-5.0.1.jar;C:\Users\Yorch\.m2\repository\org\springframework\spring-jdbc\6.1.6\spring-jdbc-6.1.6.jar;C:\Users\Yorch\.m2\repository\org\hibernate\orm\hibernate-core\6.4.4.Final\hibernate-core-6.4.4.Final.jar;C:\Users\Yorch\.m2\repository\jakarta\persistence\jakarta.persistence-api\3.1.0\jakarta.persistence-api-3.1.0.jar;C:\Users\Yorch\.m2\repository\jakarta\transaction\jakarta.transaction-api\2.0.1\jakarta.transaction-api-2.0.1.jar;C:\Users\Yorch\.m2\repository\org\jboss\logging\jboss-logging\3.5.3.Final\jboss-logging-3.5.3.Final.jar;C:\Users\Yorch\.m2\repository\org\hibernate\common\hibernate-commons-annotations\6.0.6.Final\hibernate-commons-annotations-6.0.6.Final.jar;C:\Users\Yorch\.m2\repository\io\smallrye\jandex\3.1.2\jandex-3.1.2.jar;C:\Users\Yorch\.m2\repository\com\fasterxml\classmate\1.6.0\classmate-1.6.0.jar;C:\Users\Yorch\.m2\repository\net\bytebuddy\byte-buddy\1.14.13\byte-buddy-1.14.13.jar;C:\Users\Yorch\.m2\repository\org\glassfish\jaxb\jaxb-runtime\4.0.5\jaxb-runtime-4.0.5.jar;C:\Users\Yorch\.m2\repository\org\glassfish\jaxb\jaxb-core\4.0.5\jaxb-core-4.0.5.jar;C:\Users\Yorch\.m2\repository\org\glassfish\jaxb\txw2\4.0.5\txw2-4.0.5.jar;C:\Users\Yorch\.m2\repository\com\sun\istack\istack-commons-runtime\4.1.2\istack-commons-runtime-4.1.2.jar;C:\Users\Yorch\.m2\repository\jakarta\inject\jakarta.inject-api\2.0.1\jakarta.inject-api-2.0.1.jar;C:\Users\Yorch\.m2\repository\org\antlr\antlr4-runtime\4.13.0\antlr4-runtime-4.13.0.jar;C:\Users\Yorch\.m2\repository\org\springframework\data\spring-data-jpa\3.2.5\spring-data-jpa-3.2.5.jar;C:\Users\Yorch\.m2\repository\org\springframework\data\spring-data-commons\3.2.5\spring-data-commons-3.2.5.jar;C:\Users\Yorch\.m2\repository\org\springframework\spring-orm\6.1.6\spring-orm-6.1.6.jar;C:\Users\Yorch\.m2\repository\org\springframework\spring-context\6.1.6\spring-context-6.1.6.jar;C:\Users\Yorch\.m2\repository\org\springframework\spring-tx\6.1.6\spring-tx-6.1.6.jar;C:\Users\Yorch\.m2\repository\org\springframework\spring-beans\6.1.6\spring-beans-6.1.6.jar;C:\Users\Yorch\.m2\repository\jakarta\annotation\jakarta.annotation-api\2.1.1\jakarta.annotation-api-2.1.1.jar;C:\Users\Yorch\.m2\repository\org\slf4j\slf4j-api\2.0.13\slf4j-api-2.0.13.jar;C:\Users\Yorch\.m2\repository\org\springframework\spring-aspects\6.1.6\spring-aspects-6.1.6.jar;C:\Users\Yorch\.m2\repository\org\springframework\boot\spring-boot-starter-mail\3.2.5\spring-boot-starter-mail-3.2.5.jar;C:\Users\Yorch\.m2\repository\org\springframework\boot\spring-boot-starter\3.2.5\spring-boot-starter-3.2.5.jar;C:\Users\Yorch\.m2\repository\org\springframework\boot\spring-boot-starter-logging\3.2.5\spring-boot-starter-logging-3.2.5.jar;C:\Users\Yorch\.m2\repository\ch\qos\logback\logback-classic\1.4.14\logback-classic-1.4.14.jar;C:\Users\Yorch\.m2\repository\ch\qos\logback\logback-core\1.4.14\logback-core-1.4.14.jar;C:\Users\Yorch\.m2\repository\org\apache\logging\log4j\log4j-to-slf4j\2.21.1\log4j-to-slf4j-2.21.1.jar;C:\Users\Yorch\.m2\repository\org\apache\logging\log4j\log4j-api\2.21.1\log4j-api-2.21.1.jar;C:\Users\Yorch\.m2\repository\org\slf4j\jul-to-slf4j\2.0.13\jul-to-slf4j-2.0.13.jar;C:\Users\Yorch\.m2\repository\org\yaml\snakeyaml\2.2\snakeyaml-2.2.jar;C:\Users\Yorch\.m2\repository\org\springframework\spring-context-support\6.1.6\spring-context-support-6.1.6.jar;C:\Users\Yorch\.m2\repository\org\eclipse\angus\jakarta.mail\2.0.3\jakarta.mail-2.0.3.jar;C:\Users\Yorch\.m2\repository\jakarta\activation\jakarta.activation-api\2.1.3\jakarta.activation-api-2.1.3.jar;C:\Users\Yorch\.m2\repository\org\eclipse\angus\angus-activation\2.0.2\angus-activation-2.0.2.jar;C:\Users\Yorch\.m2\repository\org\springframework\boot\spring-boot-starter-validation\3.2.5\spring-boot-starter-validation-3.2.5.jar;C:\Users\Yorch\.m2\repository\org\apache\tomcat\embed\tomcat-embed-el\10.1.20\tomcat-embed-el-10.1.20.jar;C:\Users\Yorch\.m2\repository\org\hibernate\validator\hibernate-validator\8.0.1.Final\hibernate-validator-8.0.1.Final.jar;C:\Users\Yorch\.m2\repository\jakarta\validation\jakarta.validation-api\3.0.2\jakarta.validation-api-3.0.2.jar;C:\Users\Yorch\.m2\repository\org\springframework\boot\spring-boot-starter-web\3.2.5\spring-boot-starter-web-3.2.5.jar;C:\Users\Yorch\.m2\repository\org\springframework\boot\spring-boot-starter-json\3.2.5\spring-boot-starter-json-3.2.5.jar;C:\Users\Yorch\.m2\repository\com\fasterxml\jackson\core\jackson-databind\2.15.4\jackson-databind-2.15.4.jar;C:\Users\Yorch\.m2\repository\com\fasterxml\jackson\core\jackson-annotations\2.15.4\jackson-annotations-2.15.4.jar;C:\Users\Yorch\.m2\repository\com\fasterxml\jackson\core\jackson-core\2.15.4\jackson-core-2.15.4.jar;C:\Users\Yorch\.m2\repository\com\fasterxml\jackson\datatype\jackson-datatype-jdk8\2.15.4\jackson-datatype-jdk8-2.15.4.jar;C:\Users\Yorch\.m2\repository\com\fasterxml\jackson\datatype\jackson-datatype-jsr310\2.15.4\jackson-datatype-jsr310-2.15.4.jar;C:\Users\Yorch\.m2\repository\com\fasterxml\jackson\module\jackson-module-parameter-names\2.15.4\jackson-module-parameter-names-2.15.4.jar;C:\Users\Yorch\.m2\repository\org\springframework\boot\spring-boot-starter-tomcat\3.2.5\spring-boot-starter-tomcat-3.2.5.jar;C:\Users\Yorch\.m2\repository\org\apache\tomcat\embed\tomcat-embed-core\10.1.20\tomcat-embed-core-10.1.20.jar;C:\Users\Yorch\.m2\repository\org\apache\tomcat\embed\tomcat-embed-websocket\10.1.20\tomcat-embed-websocket-10.1.20.jar;C:\User
[...]
	at org.springframework.beans.factory.support.AbstractBeanFactory.lambda$doGetBean$0(AbstractBeanFactory.java:326) ~[spring-beans-6.1.6.jar:6.1.6]
	at org.springframework.beans.factory.support.DefaultSingletonBeanRegistry.getSingleton(DefaultSingletonBeanRegistry.java:234) ~[spring-beans-6.1.6.jar:6.1.6]
	at org.springframework.beans.factory.support.AbstractBeanFactory.doGetBean(AbstractBeanFactory.java:324) ~[spring-beans-6.1.6.jar:6.1.6]
	at org.springframework.beans.factory.support.AbstractBeanFactory.getBean(AbstractBeanFactory.java:200) ~[spring-beans-6.1.6.jar:6.1.6]
	at org.springframework.beans.factory.config.DependencyDescriptor.resolveCandidate(DependencyDescriptor.java:254) ~[spring-beans-6.1.6.jar:6.1.6]
	at org.springframework.beans.factory.support.DefaultListableBeanFactory.doResolveDependency(DefaultListableBeanFactory.java:1443) ~[spring-beans-6.1.6.jar:6.1.6]
	at org.springframework.beans.factory.support.DefaultListableBeanFactory.resolveDependency(DefaultListableBeanFactory.java:1353) ~[spring-beans-6.1.6.jar:6.1.6]
	at org.springframework.beans.factory.annotation.AutowiredAnnotationBeanPostProcessor$AutowiredFieldElement.resolveFieldValue(AutowiredAnnotationBeanPostProcessor.java:784) ~[spring-beans-6.1.6.jar:6.1.6]
	at org.springframework.beans.factory.annotation.AutowiredAnnotationBeanPostProcessor$AutowiredFieldElement.inject(AutowiredAnnotationBeanPostProcessor.java:767) ~[spring-beans-6.1.6.jar:6.1.6]
	at org.springframework.beans.factory.annotation.InjectionMetadata.inject(InjectionMetadata.java:145) ~[spring-beans-6.1.6.jar:6.1.6]
	at org.springframework.beans.factory.annotation.AutowiredAnnotationBeanPostProcessor.postProcessProperties(AutowiredAnnotationBeanPostProcessor.java:508) ~[spring-beans-6.1.6.jar:6.1.6]
	at org.springframework.beans.factory.support.AbstractAutowireCapableBeanFactory.populateBean(AbstractAutowireCapableBeanFactory.java:1419) ~[spring-beans-6.1.6.jar:6.1.6]
	at org.springframework.beans.factory.support.AbstractAutowireCapableBeanFactory.doCreateBean(AbstractAutowireCapableBeanFactory.java:599) ~[spring-beans-6.1.6.jar:6.1.6]
	at org.springframework.beans.factory.support.AbstractAutowireCapableBeanFactory.createBean(AbstractAutowireCapableBeanFactory.java:522) ~[spring-beans-6.1.6.jar:6.1.6]
	at org.springframework.beans.factory.support.AbstractBeanFactory.lambda$doGetBean$0(AbstractBeanFactory.java:326) ~[spring-beans-6.1.6.jar:6.1.6]
	at org.springframework.beans.factory.support.DefaultSingletonBeanRegistry.getSingleton(DefaultSingletonBeanRegistry.java:234) ~[spring-beans-6.1.6.jar:6.1.6]
	at org.springframework.beans.factory.support.AbstractBeanFactory.doGetBean(AbstractBeanFactory.java:324) ~[spring-beans-6.1.6.jar:6.1.6]
	at org.springframework.beans.factory.support.AbstractBeanFactory.getBean(AbstractBeanFactory.java:200) ~[spring-beans-6.1.6.jar:6.1.6]
	at org.springframework.beans.factory.support.DefaultListableBeanFactory.preInstantiateSingletons(DefaultListableBeanFactory.java:975) ~[spring-beans-6.1.6.jar:6.1.6]
	at org.springframework.context.support.AbstractApplicationContext.finishBeanFactoryInitialization(AbstractApplicationContext.java:962) ~[spring-context-6.1.6.jar:6.1.6]
	at org.springframework.context.support.AbstractApplicationContext.refresh(AbstractApplicationContext.java:624) ~[spring-context-6.1.6.jar:6.1.6]
	at org.springframework.boot.SpringApplication.refresh(SpringApplication.java:754) ~[spring-boot-3.2.5.jar:3.2.5]
	at org.springframework.boot.SpringApplication.refreshContext(SpringApplication.java:456) ~[spring-boot-3.2.5.jar:3.2.5]
	at org.springframework.boot.SpringApplication.run(SpringApplication.java:334) ~[spring-boot-3.2.5.jar:3.2.5]
	at org.springframework.boot.test.context.SpringBootContextLoader.lambda$loadContext$3(SpringBootContextLoader.java:137) ~[spring-boot-test-3.2.5.jar:3.2.5]
	at org.springframework.util.function.ThrowingSupplier.get(ThrowingSupplier.java:58) ~[spring-core-6.1.6.jar:6.1.6]
	at org.springframework.util.function.ThrowingSupplier.get(ThrowingSupplier.java:46) ~[spring-core-6.1.6.jar:6.1.6]
	at org.springframework.boot.SpringApplication.withHook(SpringApplication.java:1454) ~[spring-boot-3.2.5.jar:3.2.5]
	at org.springframework.boot.test.context.SpringBootContextLoader$ContextLoaderHook.run(SpringBootContextLoader.java:553) ~[spring-boot-test-3.2.5.jar:3.2.5]
	at org.springframework.boot.test.context.SpringBootContextLoader.loadContext(SpringBootContextLoader.java:137) ~[spring-boot-test-3.2.5.jar:3.2.5]
	at org.springframework.boot.test.context.SpringBootContextLoader.loadContext(SpringBootContextLoader.java:108) ~[spring-boot-test-3.2.5.jar:3.2.5]
	at org.springframework.test.context.cache.DefaultCacheAwareContextLoaderDelegate.loadContextInternal(DefaultCacheAwareContextLoaderDelegate.java:225) ~[spring-test-6.1.6.jar:6.1.6]
	at org.springframework.test.context.cache.DefaultCacheAwareContextLoaderDelegate.loadContext(DefaultCacheAwareContextLoaderDelegate.java:152) ~[spring-test-6.1.6.jar:6.1.6]
	at org.springframework.test.context.support.DefaultTestContext.getApplicationContext(DefaultTestContext.java:130) ~[spring-test-6.1.6.jar:6.1.6]
	at org.springframework.test.context.web.ServletTestExecutionListener.setUpRequestContextIfNecessary(ServletTestExecutionListener.java:191) ~[spring-test-6.1.6.jar:6.1.6]
	at org.springframework.test.context.web.ServletTestExecutionListener.prepareTestInstance(ServletTestExecutionListener.java:130) ~[spring-test-6.1.6.jar:6.1.6]
	at org.springframework.test.context.TestContextManager.prepareTestInstance(TestContextManager.java:260) ~[spring-test-6.1.6.jar:6.1.6]
	at org.springframework.test.context.junit.jupiter.SpringExtension.postProcessTestInstance(SpringExtension.java:163) ~[spring-test-6.1.6.jar:6.1.6]
	at org.junit.jupiter.engine.descriptor.ClassBasedTestDescriptor.lambda$invokeTestInstancePostProcessors$10(ClassBasedTestDescriptor.java:378) ~[junit-jupiter-engine-5.10.2.jar:5.10.2]
	at org.junit.jupiter.engine.descriptor.ClassBasedTestDescriptor.executeAndMaskThrowable(ClassBasedTestDescriptor.java:383) ~[junit-jupiter-engine-5.10.2.jar:5.10.2]
	at org.junit.jupiter.engine.descriptor.ClassBasedTestDescriptor.lambda$invokeTestInstancePostProcessors$11(ClassBasedTestDescriptor.java:378) ~[junit-jupiter-engine-5.10.2.jar:5.10.2]
	at java.base/java.util.stream.ReferencePipeline$3$1.accept(ReferencePipeline.java:197) ~[na:na]
	at java.base/java.util.stream.ReferencePipeline$2$1.accept(ReferencePipeline.java:179) ~[na:na]
	at java.base/java.util.ArrayList$ArrayListSpliterator.forEachRemaining(ArrayList.java:1625) ~[na:na]
	at java.base/java.util.stream.AbstractPipeline.copyInto(AbstractPipeline.java:509) ~[na:na]
	at java.base/java.util.stream.AbstractPipeline.wrapAndCopyInto(AbstractPipeline.java:499) ~[na:na]
	at java.base/java.util.stream.StreamSpliterators$WrappingSpliterator.forEachRemaining(StreamSpliterators.java:310) ~[na:na]
	at java.base/java.util.stream.Streams$ConcatSpliterator.forEachRemaining(Streams.java:735) ~[na:na]
	at java.base/java.util.stream.Streams$ConcatSpliterator.forEachRemaining(Streams.java:734) ~[na:na]
	at java.base/java.util.stream.ReferencePipeline$Head.forEach(ReferencePipeline.java:762) ~[na:na]
	at org.junit.jupiter.engine.descriptor.ClassBasedTestDescriptor.invokeTestInstancePostProcessors(ClassBasedTestDescriptor.java:377) ~[junit-jupiter-engine-5.10.2.jar:5.10.2]
	at org.junit.jupiter.engine.descriptor.ClassBasedTestDescriptor.lambda$instantiateAndPostProcessTestInstance$6(ClassBasedTestDescriptor.java:290) ~[junit-jupiter-engine-5.10.2.jar:5.10.2]
	at org.junit.platform.engine.support.hierarchical.ThrowableCollector.execute(ThrowableCollector.java:73) ~[junit-platform-engine-1.10.2.jar:1.10.2]
	at org.junit.jupiter.engine.descriptor.ClassBasedTestDescriptor.instantiateAndPostProcessTestInstance(ClassBasedTestDescriptor.java:289) ~[junit-jupiter-engine-5.10.2.jar:5.10.2]
	at org.junit.jupiter.engine.descriptor.ClassBasedTestDescriptor.lambda$testInstancesProvider$4(ClassBasedTestDescriptor.java:279) ~[junit-jupiter-engine-5.10.2.jar:5.10.2]
	at java.base/java.util.Optional.orElseGet(Optional.java:364) ~[na:na]
	at org.junit.jupiter.engine.descriptor.ClassBasedTestDescriptor.lambda$testInstancesProvider$5(ClassBasedTestDescriptor.java:278) ~[junit-jupiter-engine-5.10.2.jar:5.10.2]
	at org.junit.jupiter.engine.execution.TestInstancesProvider.getTestInstances(TestInstancesProvider.java:31) ~[junit-jupiter-engine-5.10.2.jar:5.10.2]
	at org.junit.jupiter.engine.descriptor.TestMethodTestDescriptor.lambda$prepare$0(TestMethodTestDescriptor.java:106) ~[junit-jupiter-engine-5.10.2.jar:5.10.2]
	at org.junit.platform.engine.support.hierarchical.ThrowableCollector.execute(ThrowableCollector.java:73) ~[junit-platform-engine-1.10.2.jar:1.10.2]
	at org.junit.jupiter.engine.descriptor.TestMethodTestDescriptor.prepare(TestMethodTestDescriptor.java:105) ~[junit-jupiter-engine-5.10.2.jar:5.10.2]
	at org.junit.jupiter.engine.descriptor.TestMethodTestDescriptor.prepare(TestMethodTestDescriptor.java:69) ~[junit-jupiter-engine-5.10.2.jar:5.10.2]
	at org.junit.platform.engine.support.hierarchical.NodeTestTask.lambda$prepare$2(NodeTestTask.java:123) ~[junit-platform-engine-1.10.2.jar:1.10.2]
	at org.junit.platform.engine.support.hierarchical.ThrowableCollector.execute(ThrowableCollector.java:73) ~[junit-platform-engine-1.10.2.jar:1.10.2]
	at org.junit.platform.engine.support.hierarchical.NodeTestTask.prepare(NodeTestTask.java:123) ~[junit-platform-engine-1.10.2.jar:1.10.2]
	at org.junit.platform.engine.support.hierarchical.NodeTestTask.execute(NodeTestTask.java:90) ~[junit-platform-engine-1.10.2.jar:1.10.2]
	at java.base/java.util.ArrayList.forEach(ArrayList.java:1511) ~[na:na]
	at org.junit.platform.engine.support.hierarchical.SameThreadHierarchicalTestExecutorService.invokeAll(SameThreadHierarchicalTestExecutorService.java:41) ~[junit-platform-engine-1.10.2.jar:1.10.2]
	at org.junit.platform.engine.support.hierarchical.NodeTestTask.lambda$executeRecursively$6(NodeTestTask.java:155) ~[junit-platform-engine-1.10.2.jar:1.10.2]
	at org.junit.platform.engine.support.hierarchical.ThrowableCollector.execute(ThrowableCollector.java:73) ~[junit-platform-engine-1.10.2.jar:1.10.2]
	at org.junit.platform.engine.support.hierarchical.NodeTestTask.lambda$executeRecursively$8(NodeTestTask.java:141) ~[junit-platform-engine-1.10.2.jar:1.10.2]
	at org.junit.platform.engine.support.hierarchical.Node.around(Node.java:137) ~[junit-platform-engine-1.10.2.jar:1.10.2]
	at org.junit.platform.engine.support.hierarchical.NodeTestTask.lambda$executeRecursively$9(NodeTestTask.java:139) ~[junit-platform-engine-1.10.2.jar:1.10.2]
	at org.junit.platform.engine.support.hierarchical.ThrowableCollector.execute(ThrowableCollector.java:73) ~[junit-platform-engine-1.10.2.jar:1.10.2]
	at org.junit.platform.engine.support.hierarchical.NodeTestTask.executeRecursively(NodeTestTask.java:138) ~[junit-platform-engine-1.10.2.jar:1.10.2]
	at org.junit.platform.engine.support.hierarchical.NodeTestTask.execute(NodeTestTask.java:95) ~[junit-platform-engine-1.10.2.jar:1.10.2]
	at java.base/java.util.ArrayList.forEach(ArrayList.java:1511) ~[na:na]
	at org.junit.platform.engine.support.hierarchical.SameThreadHierarchicalTestExecutorService.invokeAll(SameThreadHierarchicalTestExecutorService.java:41) ~[junit-platform-engine-1.10.2.jar:1.10.2]
	at org.junit.platform.engine.support.hierarchical.NodeTestTask.lambda$executeRecursively$6(NodeTestTask.java:155) ~[junit-platform-engine-1.10.2.jar:1.10.2]
	at org.junit.platform.engine.support.hierarchical.ThrowableCollector.execute(ThrowableCollector.java:73) ~[junit-platform-engine-1.10.2.jar:1.10.2]
	at org.junit.platform.engine.support.hierarchical.NodeTestTask.lambda$executeRecursively$8(NodeTestTask.java:141) ~[junit-platform-engine-1.10.2.jar:1.10.2]
	at org.junit.platform.engine.support.hierarchical.Node.around(Node.java:137) ~[junit-platform-engine-1.10.2.jar:1.10.2]
	at org.junit.platform.engine.support.hierarchical.NodeTestTask.lambda$executeRecursively$9(NodeTestTask.java:139) ~[junit-platform-engine-1.10.2.jar:1.10.2]
	at org.junit.platform.engine.support.hierarchical.ThrowableCollector.execute(ThrowableCollector.java:73) ~[junit-platform-engine-1.10.2.jar:1.10.2]
	at org.junit.platform.engine.support.hierarchical.NodeTestTask.executeRecursively(NodeTestTask.java:138) ~[junit-platform-engine-1.10.2.jar:1.10.2]
	at org.junit.platform.engine.support.hierarchical.NodeTestTask.execute(NodeTestTask.java:95) ~[junit-platform-engine-1.10.2.jar:1.10.2]
	at org.junit.platform.engine.support.hierarchical.SameThreadHierarchicalTestExecutorService.submit(SameThreadHierarchicalTestExecutorService.java:35) ~[junit-platform-engine-1.10.2.jar:1.10.2]
	at org.junit.platform.engine.support.hierarchical.HierarchicalTestExecutor.execute(HierarchicalTestExecutor.java:57) ~[junit-platform-engine-1.10.2.jar:1.10.2]
	at org.junit.platform.engine.support.hierarchical.HierarchicalTestEngine.execute(HierarchicalTestEngine.java:54) ~[junit-platform-engine-1.10.2.jar:1.10.2]
	at org.junit.platform.launcher.core.EngineExecutionOrchestrator.execute(EngineExecutionOrchestrator.java:198) ~[junit-platform-launcher-1.10.2.jar:1.10.2]
	at org.junit.platform.launcher.core.EngineExecutionOrchestrator.execute(EngineExecutionOrchestrator.java:169) ~[junit-platform-launcher-1.10.2.jar:1.10.2]
	at org.junit.platform.launcher.core.EngineExecutionOrchestrator.execute(EngineExecutionOrchestrator.java:93) ~[junit-platform-launcher-1.10.2.jar:1.10.2]
	at org.junit.platform.launcher.core.EngineExecutionOrchestrator.lambda$execute$0(EngineExecutionOrchestrator.java:58) ~[junit-platform-launcher-1.10.2.jar:1.10.2]
	at org.junit.platform.launcher.core.EngineExecutionOrchestrator.withInterceptedStreams(EngineExecutionOrchestrator.java:141) ~[junit-platform-launcher-1.10.2.jar:1.10.2]
	at org.junit.platform.launcher.core.EngineExecutionOrchestrator.execute(EngineExecutionOrchestrator.java:57) ~[junit-platform-launcher-1.10.2.jar:1.10.2]
	at org.junit.platform.launcher.core.DefaultLauncher.execute(DefaultLauncher.java:103) ~[junit-platform-launcher-1.10.2.jar:1.10.2]
	at org.junit.platform.launcher.core.DefaultLauncher.execute(DefaultLauncher.java:85) ~[junit-platform-launcher-1.10.2.jar:1.10.2]
	at org.junit.platform.launcher.core.DelegatingLauncher.execute(DelegatingLauncher.java:47) ~[junit-platform-launcher-1.10.2.jar:1.10.2]
	at org.apache.maven.surefire.junitplatform.LazyLauncher.execute(LazyLauncher.java:56) ~[surefire-junit-platform-3.1.2.jar:3.1.2]
	at org.apache.maven.surefire.junitplatform.JUnitPlatformProvider.execute(JUnitPlatformProvider.java:184) ~[surefire-junit-platform-3.1.2.jar:3.1.2]
	at org.apache.maven.surefire.junitplatform.JUnitPlatformProvider.invokeAllTests(JUnitPlatformProvider.java:148) ~[surefire-junit-platform-3.1.2.jar:3.1.2]
	at org.apache.maven.surefire.junitplatform.JUnitPlatformProvider.invoke(JUnitPlatformProvider.java:122) ~[surefire-junit-platform-3.1.2.jar:3.1.2]
	at org.apache.maven.surefire.booter.ForkedBooter.runSuitesInProcess(ForkedBooter.java:385) ~[surefire-booter-3.1.2.jar:3.1.2]
	at org.apache.maven.surefire.booter.ForkedBooter.execute(ForkedBooter.java:162) ~[surefire-booter-3.1.2.jar:3.1.2]
	at org.apache.maven.surefire.booter.ForkedBooter.run(ForkedBooter.java:507) ~[surefire-booter-3.1.2.jar:3.1.2]
	at org.apache.maven.surefire.booter.ForkedBooter.main(ForkedBooter.java:495) ~[surefire-booter-3.1.2.jar:3.1.2]

2024-06-26T03:07:39.101-06:00 DEBUG 19624 --- [ApiInventarioMiniii] [           main] .h.v.m.ResourceBundleMessageInterpolator : Loaded expression factory via original TCCL
2024-06-26T03:07:39.104-06:00 DEBUG 19624 --- [ApiInventarioMiniii] [           main] o.h.v.i.e.AbstractConfigurationImpl      : Setting custom MessageInterpolator of type org.springframework.validation.beanvalidation.LocaleContextMessageInterpolator
2024-06-26T03:07:39.104-06:00 DEBUG 19624 --- [ApiInventarioMiniii] [           main] o.h.v.i.e.AbstractConfigurationImpl      : Setting custom ConstraintValidatorFactory of type org.springframework.validation.beanvalidation.SpringConstraintValidatorFactory
2024-06-26T03:07:39.106-06:00 DEBUG 19624 --- [ApiInventarioMiniii] [           main] o.h.v.i.xml.config.ValidationXmlParser   : Trying to load META-INF/validation.xml for XML based Validator configuration.
2024-06-26T03:07:39.106-06:00 DEBUG 19624 --- [ApiInventarioMiniii] [           main] o.h.v.i.xml.config.ResourceLoaderHelper  : Trying to load META-INF/validation.xml via user class loader
2024-06-26T03:07:39.107-06:00 DEBUG 19624 --- [ApiInventarioMiniii] [           main] o.h.v.i.xml.config.ResourceLoaderHelper  : Trying to load META-INF/validation.xml via TCCL
2024-06-26T03:07:39.108-06:00 DEBUG 19624 --- [ApiInventarioMiniii] [           main] o.h.v.i.xml.config.ResourceLoaderHelper  : Trying to load META-INF/validation.xml via Hibernate Validator's class loader
2024-06-26T03:07:39.108-06:00 DEBUG 19624 --- [ApiInventarioMiniii] [           main] o.h.v.i.xml.config.ValidationXmlParser   : No META-INF/validation.xml found. Using annotation based configuration only.
2024-06-26T03:07:39.108-06:00 DEBUG 19624 --- [ApiInventarioMiniii] [           main] o.h.v.i.e.resolver.TraversableResolvers  : Found jakarta.persistence.Persistence on classpath containing 'getPersistenceUtil'. Assuming JPA 2 environment. Trying to instantiate JPA aware TraversableResolver
2024-06-26T03:07:39.108-06:00 DEBUG 19624 --- [ApiInventarioMiniii] [           main] o.h.v.i.e.resolver.TraversableResolvers  : Instantiated JPA aware TraversableResolver of type org.hibernate.validator.internal.engine.resolver.JPATraversableResolver.
2024-06-26T03:07:39.111-06:00 DEBUG 19624 --- [ApiInventarioMiniii] [           main] .i.e.ValidatorFactoryConfigurationHelper : HV000252: Using org.hibernate.validator.internal.engine.DefaultPropertyNodeNameProvider as property node name provider.
2024-06-26T03:07:39.111-06:00 DEBUG 19624 --- [ApiInventarioMiniii] [           main] .i.e.ValidatorFactoryConfigurationHelper : HV000234: Using org.springframework.validation.beanvalidation.LocaleContextMessageInterpolator as ValidatorFactory-scoped message interpolator.
2024-06-26T03:07:39.111-06:00 DEBUG 19624 --- [ApiInventarioMiniii] [           main] .i.e.ValidatorFactoryConfigurationHelper : HV000234: Using org.hibernate.validator.internal.engine.resolver.JPATraversableResolver as ValidatorFactory-scoped traversable resolver.
2024-06-26T03:07:39.111-06:00 DEBUG 19624 --- [ApiInventarioMiniii] [           main] .i.e.ValidatorFactoryConfigurationHelper : HV000234: Using org.hibernate.validator.internal.util.ExecutableParameterNameProvider as ValidatorFactory-scoped parameter name provider.
2024-06-26T03:07:39.111-06:00 DEBUG 19624 --- [ApiInventarioMiniii] [           main] .i.e.ValidatorFactoryConfigurationHelper : HV000234: Using org.hibernate.validator.internal.engine.DefaultClockProvider as ValidatorFactory-scoped clock provider.
2024-06-26T03:07:39.111-06:00 DEBUG 19624 --- [ApiInventarioMiniii] [           main] .i.e.ValidatorFactoryConfigurationHelper : HV000234: Using org.hibernate.validator.internal.engine.scripting.DefaultScriptEvaluatorFactory as ValidatorFactory-scoped script evaluator factory.
2024-06-26T03:07:39.150-06:00  WARN 19624 --- [ApiInventarioMiniii] [           main] JpaBaseConfiguration$JpaWebConfiguration : spring.jpa.open-in-view is enabled by default. Therefore, database queries may be performed during view rendering. Explicitly configure spring.jpa.open-in-view to disable this warning
2024-06-26T03:07:39.828-06:00  INFO 19624 --- [ApiInventarioMiniii] [           main] .i.m.ApiInventarioMiniiiApplicationTests : Started ApiInventarioMiniiiApplicationTests in 10.39 seconds (process running for 12.492)
]]></system-out>
  </testcase>
</testsuite>